Case #1: 
GGG
CCC
JJJ
Case #2: 
CODE
CODE
CJAM
Case #3: 
CA
KE
Case #4: 
A
Case #5: 
AAAAAAAABBBBBBBBBBBBBBBBB
AAAAAAAABBBBBBBBBBBBBBBBB
AAAAAAAABBBBBBBBBBBBBBBBB
AAAAAAAABBBBBBBBBBBBBBBBB
AAAAAAAABBBBBBBBBBBBBBBBB
AAAAAAAABBBBBBBBBBBBBBBBB
AAAAAAAABBBBBBBBBBBBBBBBB
AAAAAAAABBBBBBBBBBBBBBBBB
AAAAAAAABBBBBBBBBBBBBBBBB
CCCCCCCCBBBBBBBBBBBBBBBBB
CCCCCCCCDDDDDDDDDDDDDDDDD
EEEEEEEEDDDDDDDDDDDDDDDDD
EEEEEEEEDDDDDDDDDDDDDDDDD
EEEEEEEEDDDDDDDDDDDDDDDDD
EEEEEEEEDDDDDDDDDDDDDDDDD
EEEEEEEEDDDDDDDDDDDDDDDDD
EEEEEEEEDDDDDDDDDDDDDDDDD
EEEEEEEEDDDDDDDDDDDDDDDDD
EEEEEEEEDDDDDDDDDDDDDDDDD
EEEEEEEEFFFFFFFFFHIJJJJJJ
EEEEEEEEFFFFFFFFFHIJJJJJJ
EEEEEEEEFFFFFFFFFHIJJJJJJ
EEEEEEEEFFFFFFFFFHIJJJJJJ
EEEEEEEEFFFFFFFFFHIJJJJJJ
EEEEEEEEGGGGGGGGGHIJJJJJJ
Case #6: 
GGGGGGGGGGGGGGGGGGGGGGGGG
YYYYYYYYYYYYYYYYYYYYYYYYY
YYYYYYYYYYYYYYYYYYYYYYYYY
NNNNNNNNNNNNNNNNNNNNNNNNN
NNNNNNNNNNNNNNNNNNNNNNNNN
OHBBBBBBBBBBBBBQIIMMMLLLL
OHBBBBBBBBBBBBBQIIMMMLLLL
OHFFFFFFFFFFFFFQIIMMMLLLL
OHFFFFFFFFFFFFFQIIMMMLLLL
OHVKKKKKAWPPZZZQIIMMMLLLL
OHVKKKKKAWPPZZZQIIMMMLLLL
OHVKKKKKAWPPZZZQIIMMMLLLL
OHVKKKKKAWPPZZZQIIMMMRRRR
OHVKKKKKAWPPZZZQIIXXXXXXX
OHVKKKKKAWPPZZZEEEEEEEEEE
OHVKKKKKAWPPZZZEEEEEEEEEE
OHVKKKKKAWPPZZZEEEEEEEEEE
OHVKKKKKAWPPZZZEEEEEEEEEE
OHVKKKKKAWPPZZZEEEEEEEEEE
OHVDDDDDAWPPZZZUUUUUUUUUU
OHJJJJJTTTTTTCSUUUUUUUUUU
OHJJJJJTTTTTTCSUUUUUUUUUU
OHJJJJJTTTTTTCSUUUUUUUUUU
OHJJJJJTTTTTTCSUUUUUUUUUU
OHJJJJJTTTTTTCSUUUUUUUUUU
Case #7: 
BBBBBBBBBBBRUUUUUUUUUUUUU
BBBBBBBBBBBRUUUUUUUUUUUUU
BBBBBBBBBBBRUUUUUUUUUUUUU
BBBBBBBBBBBRUUUUUUUUUUUUU
BBBBBBBBBBBRYYYYYYQQQQQQQ
JJJJJJJJJJJRYYYYYYQQQQQQQ
JJJJJJJJJJJRYYYYYYQQQQQQQ
JJJJJJJJJJJRYYYYYYQQQQQQQ
JJJJJJJJJJJRGGGGGGGGGGGGG
HHHHHHHHHHHRGGGGGGGGGGGGG
HHHHHHHHHHHRIIIIIIIIIIIII
HHHHHHHHHHHRIIIIIIIIIIIII
AAAAAAAAAAAREEEEEEEEEEEEE
AAAAAAAAAAAREEEEEEEEEEEEE
AAAAAAAAAAARMMMMMMMMMMMMM
LLLLFFNNNSSRTTTTTTTTTTTTT
LLLLFFNNNSSRTTTTTTTTTTTTT
DDDKWWWWWWWRTTTTTTTTTTTTT
DDDKWWWWWWWRCCCCCCCCCCCCC
DDDKVVVXXPPRCCCCCCCCCCCCC
DDDKVVVXXPPRCCCCCCCCCCCCC
DDDKVVVXXPPROOOOOOOOOOOOO
DDDKVVVXXPPRZZZZZZZZZZZZZ
DDDKVVVXXPPRZZZZZZZZZZZZZ
DDDKVVVXXPPRZZZZZZZZZZZZZ
Case #8: 
BB
AA
Case #9: 
KKKKKKKKKKKKKKKKKKKKKKKKK
KKKKKKKKKKKKKKKKKKKKKKKKK
CCCCCCCCCCCCCCCCCCCCCCCCC
CCCCCCCCCCCCCCCCCCCCCCCCC
SSSSSSSSSSSSSAAAAAAAAJJEG
SSSSSSSSSSSSSAAAAAAAAMMMM
SSSSSSSSSSSSSAAAAAAAAMMMM
SSSSSSSSSSSSSVVVQFFFHBBBU
SSSSSSSSSSSSSVVVQFFFHPPPU
SSSSSSSSSSSSSNNNNNOOIYLTU
SSSSSSSSSSSSSNNNNNOOIYLTU
SSSSSSSSSSSSSNNNNNOOWYLXU
SSSSSSSSSSSSSNNNNNOOWZLXU
SSSSSSSSSSSSSNNNNNOOWZLXU
SSSSSSSSSSSSSNNNNNOOWZLDU
SSSSSSSSSSSSSNNNNNOOWZLDU
SSSSSSSSSSSSSNNNNNOOWZRRU
SSSSSSSSSSSSSNNNNNOOWZRRU
SSSSSSSSSSSSSNNNNNOOWZRRU
SSSSSSSSSSSSSNNNNNOOWZRRU
SSSSSSSSSSSSSNNNNNOOWZRRU
SSSSSSSSSSSSSNNNNNOOWZRRU
SSSSSSSSSSSSSNNNNNOOWZRRU
SSSSSSSSSSSSSNNNNNOOWZRRU
SSSSSSSSSSSSSNNNNNOOWZRRU
Case #10: 
GGGGGGGGGGGGGGGGGGGGGGGGG
XXXXXXXXXXXXXXXXXXXXXXUUU
HTTTJJJJJJJJZZZZZZZMMAUUU
HTTTJJJJJJJJZZZZZZZMMAUUU
HQQQJJJJJJJJZZZZZZZMMAUUU
HQQQJJJJJJJJZZZZZZZMMAUUU
HQQQJJJJJJJJZZZZZZZMMAUUU
HQQQJJJJJJJJZZZZZZZMMAUUU
HQQQJJJJJJJJZZZZZZZMMAUUU
SSSSSSSSSSSSPPPPPPPPPPUUU
NNNNNOOLIIIFPPPPPPPPPPUUU
NNNNNOOLIIIFVVVVVVVVVVUUU
NNNNNOOLIIIFCCCCCCCCCCUUU
NNNNNOOLIIIFCCCCCCCCCCUUU
NNNNNOOLIIIFCCCCCCCCCCUUU
NNNNNOOLIIIFCCCCCCCCCCUUU
NNNNNOOLIIIFCCCCCCCCCCUUU
NNNNNOOLIIIFCCCCCCCCCCUUU
NNNNNOOLIIIFWWWWWWWWWWUUU
NNNNNOOLIIIFDDDDDDDDDDUUU
NNNNNOOLYYYFDDDDDDDDDDUUU
NNNNNOOLYYYFKKKKKKKKKKUUU
NNNNNOOLYYYFKKKKKKKKKKUUU
BBBBBBBBBBBEKKKKKKKKKKUUU
BBBBBBBBBBBERRRRRRRRRRUUU
Case #11: 
AAAAAAAAAAAAAAAAAAAAAAAAA
BBBBBBBBBBBBBBBBBBBBBBBBB
CCCCCCCCCCCCCCCCCCCCCCCCC
DDDDDDDDDDDDDDDDDDDDDDDDD
EEEEEEEEEEEEEEEEEEEEEEEEE
FFFFFFFFFFFFFFFFFFFFFFFFF
GGGGGGGGGGGGGGGGGGGGGGGGG
HHHHHHHHHHHHHHHHHHHHHHHHH
IIIIIIIIIIIIIIIIIIIIIIIII
JJJJJJJJJJJJJJJJJJJJJJJJJ
KKKKKKKKKKKKKKKKKKKKKKKKK
LLLLLLLLLLLLLLLLLLLLLLLLL
MMMMMMMMMMMMMMMMMMMMMMMMM
NNNNNNNNNNNNNNNNNNNNNNNNN
OOOOOOOOOOOOOOOOOOOOOOOOO
PPPPPPPPPPPPPPPPPPPPPPPPP
QQQQQQQQQQQQQQQQQQQQQQQQQ
RRRRRRRRRRRRRRRRRRRRRRRRR
SSSSSSSSSSSSSSSSSSSSSSSSS
TTTTTTTTTTTTTTTTTTTTTTTTT
UUUUUUUUUUUUUUUUUUUUUUUUU
VVVVVVVVVVVVVVVVVVVVVVVVV
WWWWWWWWWWWWWWWWWWWWWWWWW
XXXXXXXXXXXXXXXXXXXXXXXXX
YYYYYYYYYYYYYYYYYYYYYYYYY
Case #12: 
AAAAACDEEEEEEEEEEEFFFFFGG
AAAAACDEEEEEEEEEEEFFFFFGG
AAAAACDEEEEEEEEEEEFFFFFGG
AAAAACDEEEEEEEEEEEFFFFFGG
AAAAACDEEEEEEEEEEEFFFFFGG
AAAAACDEEEEEEEEEEEFFFFFGG
BBBBBCDEEEEEEEEEEEFFFFFGG
BBBBBCDEEEEEEEEEEEFFFFFGG
BBBBBCDEEEEEEEEEEEFFFFFGG
BBBBBCDEEEEEEEEEEEFFFFFGG
BBBBBCDEEEEEEEEEEEFFFFFGG
BBBBBCDEEEEEEEEEEEFFFFFGG
BBBBBCDEEEEEEEEEEEFFFFFGG
BBBBBCDEEEEEEEEEEEFFFFFGG
BBBBBCDEEEEEEEEEEEFFFFFGG
BBBBBCDEEEEEEEEEEEFFFFFGG
BBBBBCDEEEEEEEEEEEFFFFFGG
BBBBBCDEEEEEEEEEEEFFFFFGG
BBBBBCDEEEEEEEEEEEHHHHHHH
BBBBBCDEEEEEEEEEEEIIIIIII
BBBBBCDEEEEEEEEEEEJJJJJJJ
BBBBBCDEEEEEEEEEEEJJJJJJJ
BBBBBCDEEEEEEEEEEEJJJJJJJ
BBBBBCDEEEEEEEEEEEJJJJJJJ
BBBBBCDEEEEEEEEEEEJJJJJJJ
Case #13: 
AAAAAAAAAABBBBBBBBBBBBBBB
AAAAAAAAAABBBBBBBBBBBBBBB
AAAAAAAAAABBBBBBBBBBBBBBB
AAAAAAAAAABBBBBBBBBBBBBBB
AAAAAAAAAABBBBBBBBBBBBBBB
AAAAAAAAAABBBBBBBBBBBBBBB
AAAAAAAAAABBBBBBBBBBBBBBB
AAAAAAAAAABBBBBBBBBBBBBBB
AAAAAAAAAABBBBBBBBBBBBBBB
CCCCCCCCCCBBBBBBBBBBBBBBB
CCCCCCCCCCDDDDDDDDDDDDDDD
EEEEEEEEEEDDDDDDDDDDDDDDD
EEEEEEEEEEDDDDDDDDDDDDDDD
EEEEEEEEEEFFFFFFFFFFHIJJJ
EEEEEEEEEEFFFFFFFFFFHIJJJ
EEEEEEEEEEFFFFFFFFFFHIJJJ
EEEEEEEEEEFFFFFFFFFFHIJJJ
EEEEEEEEEEFFFFFFFFFFHIJJJ
EEEEEEEEEEGGGGGGGGGGHIJJJ
EEEEEEEEEEGGGGGGGGGGHIJJJ
EEEEEEEEEEGGGGGGGGGGHIJJJ
EEEEEEEEEEGGGGGGGGGGHIJJJ
EEEEEEEEEEGGGGGGGGGGHIJJJ
EEEEEEEEEEGGGGGGGGGGHIJJJ
EEEEEEEEEEGGGGGGGGGGHIJJJ
Case #14: 
AAAAAABBBBBBBBBBBBBBBBBBB
AAAAAABBBBBBBBBBBBBBBBBBB
CCCCCCBBBBBBBBBBBBBBBBBBB
CCCCCCDDDDDDDDDDDDDDDDDDD
EEEEEEDDDDDDDDDDDDDDDDDDD
EEEEEEDDDDDDDDDDDDDDDDDDD
EEEEEEDDDDDDDDDDDDDDDDDDD
EEEEEEDDDDDDDDDDDDDDDDDDD
EEEEEEDDDDDDDDDDDDDDDDDDD
EEEEEEDDDDDDDDDDDDDDDDDDD
EEEEEEDDDDDDDDDDDDDDDDDDD
EEEEEEDDDDDDDDDDDDDDDDDDD
EEEEEEDDDDDDDDDDDDDDDDDDD
EEEEEEDDDDDDDDDDDDDDDDDDD
EEEEEEDDDDDDDDDDDDDDDDDDD
EEEEEEDDDDDDDDDDDDDDDDDDD
EEEEEEDDDDDDDDDDDDDDDDDDD
EEEEEEFFFFFFFFFFHIJJJJJJJ
EEEEEEFFFFFFFFFFHIJJJJJJJ
EEEEEEFFFFFFFFFFHIJJJJJJJ
EEEEEEFFFFFFFFFFHIJJJJJJJ
EEEEEEFFFFFFFFFFHIJJJJJJJ
EEEEEEGGGGGGGGGGHIJJJJJJJ
EEEEEEGGGGGGGGGGHIJJJJJJJ
EEEEEEGGGGGGGGGGHIJJJJJJJ
Case #15: 
VVVVVVVVVVVVVVVVVVVVVVVVV
KKKKKKKKFFFFFFFFFFFFFFFFF
KKKKKKKKFFFFFFFFFFFFFFFFF
DDDDUAAPZZZZZZZZZZZZZZZZZ
DDDDUSSQIIIGGGGGGGGGGGGGG
DDDDUYYQRRRGGGGGGGGGGGGGG
NNNNNOOHEELGGGGGGGGGGGGGG
NNNNNJCWXXBGGGGGGGGGGGGGG
NNNNNJMMTTBGGGGGGGGGGGGGG
NNNNNJMMTTBGGGGGGGGGGGGGG
NNNNNJMMTTBGGGGGGGGGGGGGG
NNNNNJMMTTBGGGGGGGGGGGGGG
NNNNNJMMTTBGGGGGGGGGGGGGG
NNNNNJMMTTBGGGGGGGGGGGGGG
NNNNNJMMTTBGGGGGGGGGGGGGG
NNNNNJMMTTBGGGGGGGGGGGGGG
NNNNNJMMTTBGGGGGGGGGGGGGG
NNNNNJMMTTBGGGGGGGGGGGGGG
NNNNNJMMTTBGGGGGGGGGGGGGG
NNNNNJMMTTBGGGGGGGGGGGGGG
NNNNNJMMTTBGGGGGGGGGGGGGG
NNNNNJMMTTBGGGGGGGGGGGGGG
NNNNNJMMTTBGGGGGGGGGGGGGG
NNNNNJMMTTBGGGGGGGGGGGGGG
NNNNNJMMTTBGGGGGGGGGGGGGG
Case #16: 
KRRSAAAAHYTTUQWVVXXIIDFF
KRRSAAAAHYTTUQWVVXXIIDFF
KRRSAAAAHYTTUQWVVXXIIDFF
KRRSAAAAHYTTUQWVVXXIIDFF
KRRSAAAAHYTTUQWVVXXIIDFF
KRRSAAAAHYTTUQWMMXXIIDFF
KRRSAAAAHYTTUQWMMXXIIDFF
KRRSAAAAHYTTUQWMMXXIIDFF
KRRSAAAAHYTTUQWMMXXIIDFF
KRRSAAAAHYTTUQWMMXXIIDFF
KRRSAAAAHYTTUQWMMXXIIDFF
KRRSAAAAHYTTUQWMMXXIIDFF
KRRSAAAAHYTTUQWJJXXIIDFF
KRRSAAAAHYTTUQWJJXXIIDFF
KRRSAAAAHYTTUQWJJXXIIDFF
KRRSAAAAHYTTUQWJJXXIIDFF
KRRSAAAAHYTTUQWJJXXIIDFF
KRRSAAAAHYPPPPPPPPPIIDFF
KRRSOOOOHYPPPPPPPPPIIDFF
KRRSOOOOHYPPPPPPPPPIIDFF
KRRSNNNNHYPPPPPPPPPIIDFF
KRRSNNNNHYPPPPPPPPPIIDFF
KRRSBBBBHYPPPPPPPPPIIDFF
KRRSBBBBHYPPPPPPPPPIIDFF
KRRSBBBBLLGEEEEEECCCCCCC
Case #17: 
HHHHHHHHHHHHHHHHHHHHHHHHH
ZZZZZZDYJJRBECCCCIIIIPPPP
ZZZZZZDYJJRBECCCCIIIIPPPP
ZZZZZZDYJJRBECCCCIIIIPPPP
MMMMMMDYJJRBECCCCIIIIPPPP
MMMMMMDYJJRBECCCCIIIIPPPP
MMMMMMDYJJRBECCCCIIIIPPPP
MMMMMMDYJJRBECCCCIIIIPPPP
OOOOOODYJJRBECCCCIIIIPPPP
OOOOOODYJJRBECCCCIIIIPPPP
OOOOOODYJJRBECCCCIIIIPPPP
OOOOOODYJJRBECCCCIIIIPPPP
OOOOOODYJJRBECCCCIIIIPPPP
VVVVVVDYJJRBECCCCIIIIPPPP
VVVVVVDYJJRBECCCCIIIIPPPP
VVVVVVDYJJRBECCCCIIIIPPPP
VVVVVVDYJJRBTTTTTLLLLLLLL
VVVVVVUUUUUUUFFWWWWWWSSSS
XXXXXXUUUUUUUFFWWWWWWSSSS
QQQQQQUUUUUUUFFWWWWWWSSSS
GGGGGGUUUUUUUFFNNNNNNNNNN
GGGGGGUUUUUUUFFNNNNNNNNNN
GGGGGGUUUUUUUFFNNNNNNNNNN
AAAAAAUUUUUUUFFKKKKKKKKKK
AAAAAAUUUUUUUFFKKKKKKKKKK
Case #18: 
IIIIIIIIIIIIIIIIIIIIIIIII
IIIIIIIIIIIIIIIIIIIIIIIII
AAAAAAAAAAAAAAAAAAAAAAAAA
AAAAAAAAAAAAAAAAAAAAAAAAA
QQQQQQQQQQQQQQQQQQQQQQQQQ
FFFFFFFFFFFFFFUNNDDDKKKKK
HHHHHHHHHHHHHHUNNDDDKKKKK
VVVVVVVVVVVVVVUNNDDDKKKKK
ZZZZZZMEEYYYYYUNNDDDKKKKK
ZZZZZZMEEYYYYYUNNDDDKKKKK
ZZZZZZMEEYYYYYUNNDDDSSSSS
ZZZZZZMEEYYYYYUNNDDDCCCCC
ZZZZZZMEEYYYYYUNNDDDCCCCC
ZZZZZZMEEYYYYYUNNDDDCCCCC
ZZZZZZMEEYYYYYUNNDDDCCCCC
ZZZZZZMEEYYYYYUNNDDDBBBBB
ZZZZZZMEEYYYYYUNNDDDBBBBB
ZZZZZZMEEYYYYYUNNDDDBBBBB
ZZZZZZMEEYYYYYUNNDDDBBBBB
ZZZZZZMEEYYYYYUNNDDDBBBBB
XXXXGGGWWLLLJJUNNDDDTTTTT
XXXXGGGWWLLLJJUNNDDDTTTTT
XXXXGGGWWLLLJJUNNDDDPPPPP
XXXXGGGWWLLLJJUNNDDDRRRRR
XXXXGGGWWLLLJJUNNDDDOOOOO
Case #19: 
AAAAAAAAAAAAAAABBBBBBBBBB
AAAAAAAAAAAAAAABBBBBBBBBB
AAAAAAAAAAAAAAABBBBBBBBBB
AAAAAAAAAAAAAAABBBBBBBBBB
AAAAAAAAAAAAAAABBBBBBBBBB
AAAAAAAAAAAAAAABBBBBBBBBB
AAAAAAAAAAAAAAABBBBBBBBBB
AAAAAAAAAAAAAAABBBBBBBBBB
AAAAAAAAAAAAAAABBBBBBBBBB
AAAAAAAAAAAAAAABBBBBBBBBB
AAAAAAAAAAAAAAABBBBBBBBBB
AAAAAAAAAAAAAAABBBBBBBBBB
AAAAAAAAAAAAAAABBBBBBBBBB
AAAAAAAAAAAAAAABBBBBBBBBB
AAAAAAAAAAAAAAABBBBBBBBBB
AAAAAAAAAAAAAAABBBBBBBBBB
AAAAAAAAAAAAAAABBBBBBBBBB
AAAAAAAAAAAAAAABBBBBBBBBB
CCCCCCCCCCCCCCCBBBBBBBBBB
CCCCCCCCCCCCCCCDDDDDDDDDD
EEEEEEEEEEEEEEEDDDDDDDDDD
EEEEEEEEEEEEEEEDDDDDDDDDD
EEEEEEEEEEEEEEEDDDDDDDDDD
EEEEEEEEEEEEEEEDDDDDDDDDD
EEEEEEEEEEEEEEEDDDDDDDDDD
Case #20: 
FFFFFFFFFFFFFFFFFFFFFFFFF
FFFFFFFFFFFFFFFFFFFFFFFFF
FFFFFFFFFFFFFFFFFFFFFFFFF
FFFFFFFFFFFFFFFFFFFFFFFFF
FFFFFFFFFFFFFFFFFFFFFFFFF
FFFFFFFFFFFFFFFFFFFFFFFFF
FFFFFFFFFFFFFFFFFFFFFFFFF
UUUUUUUUUODDDRRRRRRRRRRRR
UUUUUUUUUODDDRRRRRRRRRRRR
UUUUUUUUUOJJJIIAAAAAAAAAA
UUUUUUUUUOXZNWQQQQQQQQQQQ
UUUUUUUUUOXVVWQQQQQQQQQQQ
UUUUUUUUUOCCCYPHMMMMMMMMM
UUUUUUUUUOSBTLPHMMMMMMMMM
UUUUUUUUUOSBGLPHMMMMMMMMM
UUUUUUUUUOSKELPHMMMMMMMMM
UUUUUUUUUOSKELPHMMMMMMMMM
UUUUUUUUUOSKELPHMMMMMMMMM
UUUUUUUUUOSKELPHMMMMMMMMM
UUUUUUUUUOSKELPHMMMMMMMMM
UUUUUUUUUOSKELPHMMMMMMMMM
UUUUUUUUUOSKELPHMMMMMMMMM
UUUUUUUUUOSKELPHMMMMMMMMM
UUUUUUUUUOSKELPHMMMMMMMMM
UUUUUUUUUOSKELPHMMMMMMMMM
Case #21: 
NNNNNNNNNNNNNNNNNNQKKKKKJ
NNNNNNNNNNNNNNNNNNQKKKKKJ
NNNNNNNNNNNNNNNNNNQKKKKKJ
NNNNNNNNNNNNNNNNNNQKKKKKJ
NNNNNNNNNNNNNNNNNNQKKKKKJ
NNNNNNNNNNNNNNNNNNQKKKKKJ
NNNNNNNNNNNNNNNNNNQKKKKKJ
NNNNNNNNNNNNNNNNNNQKKKKKJ
NNNNNNNNNNNNNNNNNNQKKKKKJ
NNNNNNNNNNNNNNNNNNQKKKKKJ
NNNNNNNNNNNNNNNNNNQKKKKKJ
NNNNNNNNNNNNNNNNNNQKKKKKJ
NNNNNNNNNNNNNNNNNNQKKKKKJ
NNNNNNNNNNNNNNNNNNQKKKKKJ
NNNNNNNNNNNNNNNNNNQKKKKKJ
NNNNNNNNNNNNNNNNNNQKKKKKJ
NNNNNNNNNNNNNNNNNNQKKKKKJ
NNNNNNNNNNNNNNNNNNQVVVVVE
NNNNNNNNNNNNNNNNNNQWWWWWR
NNNNNNNNNNNNNNNNNNQXHLIIU
NNNNNNNNNNNNNNNNNNQXBLIIZ
NNNNNNNNNNNNNNNNNNQAAAAAO
NNNNNNNNNNNNNNNNNNQAAAAAY
NNNNNNNNNNNNNNNNNNQDCCGGF
NNNNNNNNNNNNNNNNNNQSCCPTM
Case #22: 
XXXXXXXXXXXXXXXXXXFFFFFFF
XXXXXXXXXXXXXXXXXXCCCCCCC
XXXXXXXXXXXXXXXXXXCCCCCCC
XXXXXXXXXXXXXXXXXXCCCCCCC
GNJJJJJHLLVVIZZZQQCCCCCCC
GNJJJJJHLLVVIZZZQQCCCCCCC
GNJJJJJHLLVVIZZZQQCCCCCCC
GNJJJJJHLLVVIZZZQQDDDDDDD
GNJJJJJHLLVVIZZZQQYYYYYYY
GNJJJJJHLLVVIZZZQQYYYYYYY
GNJJJJJHLLVVIZZZAAYYYYYYY
GNSSSSSHLLVVIZZZAAYYYYYYY
GNSSSSSHLLVVIZZZAAYYYYYYY
GNSSSSSHLLVVIZZZAABBBBBBB
GNSSSSSHLLVVIZZZAABBBBBBB
GNSSSSSHLLVVIZZZAABBBBBBB
GNSSSSSHLLVVIZZZAAEEEEEEE
GNMMMMMHLLVVIZZZAAEEEEEEE
GNUUUUOHLLVVIZZZAAEEEEEEE
GNUUUUOHLLVVIZZZAAKKKKKKK
WWWWWWWWWWWWWWWWWWKKKKKKK
PPPPPPPPPPPPPPPPPPKKKKKKK
PPPPPPPPPPPPPPPPPPKKKKKKK
PPPPPPPPPPPPPPPPPPKKKKKKK
TTTTTTTTTTTTTTTTTTRRRRRRR
Case #23: 
VVVVVVVVVVVVSSCXXIIIIOOOO
VVVVVVVVVVVVSSCXXIIIIOOOO
VVVVVVVVVVVVSSCXXIIIIOOOO
VVVVVVVVVVVVSSCXXIIIIOOOO
VVVVVVVVVVVVSSCXXIIIIOOOO
VVVVVVVVVVVVSSCXXIIIIOOOO
VVVVVVVVVVVVSSCXXIIIIOOOO
VVVVVVVVVVVVSSCXXIIIIOOOO
VVVVVVVVVVVVSSCXXIIIIOOOO
VVVVVVVVVVVVSSCXXIIIIOOOO
VVVVVVVVVVVVSSCXXIIIIOOOO
VVVVVVVVVVVVSSCXXIIIIOOOO
VVVVVVVVVVVVSSCXXIIIIOOOO
VVVVVVVVVVVVSSCXXIIIIOOOO
VVVVVVVVVVVVSSCXXUUUUMMMM
VVVVVVVVVVVVSSCXXRRRRMMMM
VVVVVVVVVVVVSSCXXBBBKHJTT
VVVVVVVVVVVVSSCXXNNNZHJTT
VVVVVVVVVVVVSSCXXNNNZHJTT
VVVVVVVVVVVVSSCXXNNNZHJQQ
VVVVVVVVVVVVSSCXXGEAFWJQQ
VVVVVVVVVVVVSSCXXGEAFWJPP
VVVVVVVVVVVVSSCXXGEAFWJDD
VVVVVVVVVVVVSSCXXGEAFWJDD
VVVVVVVVVVVVSSCXXYELFWJDD
Case #24: 
ABCDEFGHIJKLMNOPQRSTUVWXY
ABCDEFGHIJKLMNOPQRSTUVWXY
ABCDEFGHIJKLMNOPQRSTUVWXY
ABCDEFGHIJKLMNOPQRSTUVWXY
ABCDEFGHIJKLMNOPQRSTUVWXY
ABCDEFGHIJKLMNOPQRSTUVWXY
ABCDEFGHIJKLMNOPQRSTUVWXY
ABCDEFGHIJKLMNOPQRSTUVWXY
ABCDEFGHIJKLMNOPQRSTUVWXY
ABCDEFGHIJKLMNOPQRSTUVWXY
ABCDEFGHIJKLMNOPQRSTUVWXY
ABCDEFGHIJKLMNOPQRSTUVWXY
ABCDEFGHIJKLMNOPQRSTUVWXY
ABCDEFGHIJKLMNOPQRSTUVWXY
ABCDEFGHIJKLMNOPQRSTUVWXY
ABCDEFGHIJKLMNOPQRSTUVWXY
ABCDEFGHIJKLMNOPQRSTUVWXY
ABCDEFGHIJKLMNOPQRSTUVWXY
ABCDEFGHIJKLMNOPQRSTUVWXY
ABCDEFGHIJKLMNOPQRSTUVWXY
ABCDEFGHIJKLMNOPQRSTUVWXY
ABCDEFGHIJKLMNOPQRSTUVWXY
ABCDEFGHIJKLMNOPQRSTUVWXY
ABCDEFGHIJKLMNOPQRSTUVWXY
ABCDEFGHIJKLMNOPQRSTUVWXY
Case #25: 
IIIIIIIIIIIIIIIIIIIIIIIII
IIIIIIIIIIIIIIIIIIIIIIIII
UUUUUUUUUUUUUUUUUUUUUUUUU
UUUUUUUUUUUUUUUUUUUUUUUUU
UUUUUUUUUUUUUUUUUUUUUUUUU
CCYEEEEEEEEEELLLLLLLLLLLL
CCYEEEEEEEEEERRRRRRRRRRRR
CCYMMMMMMMMMMRRRRRRRRRRRR
CCYNNNNNNNNNNRRRRRRRRRRRR
CCYNNNNNNNNNNRRRRRRRRRRRR
CCYPTTQODDDDXBBBBBBBBBBBB
CCYPTTQODDDDXGGGGGGGGGGGG
CCYPTTQODDDDXGGGGGGGGGGGG
CCYPTTQOFFFFFGGGGGGGGGGGG
CCYPTTQOFFFFFGGGGGGGGGGGG
CCYPTTQOFFFFFSSSSSSSSSSSS
CCYPTTQOFFFFFSSSSSSSSSSSS
CCYPTTQOFFFFFSSSSSSSSSSSS
CCYPTTQOFFFFFAAAAAAAAAAAA
CCYPTTQOFFFFFAAAAAAAAAAAA
CCYPTTQHFFFFFKKKKKKKKKKKK
CCYPTTQHFFFFFWWWWWWWWWWWW
CCYJJJJJJJJJJWWWWWWWWWWWW
CCYJJJJJJJJJJVVVVVVVVVVVV
Case #26: 
AB
Case #27: 
MLLLL
MLLLL
KIAAA
GCHJJ
BNOJJ
EFOJJ
DFOJJ
Case #28: 
ABCDEFGHIJKLMNOPQRSTUVWXY
ABCDEFGHIJKLMNOPQRSTUVWXY
ABCDEFGHIJKLMNOPQRSTUVWXY
ABCDEFGHIJKLMNOPQRSTUVWXY
ABCDEFGHIJKLMNOPQRSTUVWXY
ABCDEFGHIJKLMNOPQRSTUVWXY
ABCDEFGHIJKLMNOPQRSTUVWXY
ABCDEFGHIJKLMNOPQRSTUVWXY
ABCDEFGHIJKLMNOPQRSTUVWXY
ABCDEFGHIJKLMNOPQRSTUVWXY
ABCDEFGHIJKLMNOPQRSTUVWXY
ABCDEFGHIJKLMNOPQRSTUVWXY
ABCDEFGHIJKLMNOPQRSTUVWXY
ABCDEFGHIJKLMNOPQRSTUVWXY
ABCDEFGHIJKLMNOPQRSTUVWXY
ABCDEFGHIJKLMNOPQRSTUVWXY
ABCDEFGHIJKLMNOPQRSTUVWXY
ABCDEFGHIJKLMNOPQRSTUVWXY
ABCDEFGHIJKLMNOPQRSTUVWXY
ABCDEFGHIJKLMNOPQRSTUVWXY
ABCDEFGHIJKLMNOPQRSTUVWXY
ABCDEFGHIJKLMNOPQRSTUVWXY
ABCDEFGHIJKLMNOPQRSTUVWXY
ABCDEFGHIJKLMNOPQRSTUVWXY
ABCDEFGHIJKLMNOPQRSTUVWXY
Case #29: 
AAAAABBBBBBBBBBBBBBBBBBBB
AAAAABBBBBBBBBBBBBBBBBBBB
AAAAABBBBBBBBBBBBBBBBBBBB
AAAAABBBBBBBBBBBBBBBBBBBB
AAAAABBBBBBBBBBBBBBBBBBBB
CCCCCBBBBBBBBBBBBBBBBBBBB
CCCCCDDDDDDDDDDDDDDDDDDDD
EEEEEDDDDDDDDDDDDDDDDDDDD
EEEEEDDDDDDDDDDDDDDDDDDDD
EEEEEDDDDDDDDDDDDDDDDDDDD
EEEEEDDDDDDDDDDDDDDDDDDDD
EEEEEDDDDDDDDDDDDDDDDDDDD
EEEEEDDDDDDDDDDDDDDDDDDDD
EEEEEDDDDDDDDDDDDDDDDDDDD
EEEEEDDDDDDDDDDDDDDDDDDDD
EEEEEDDDDDDDDDDDDDDDDDDDD
EEEEEFFFFFFFFFFFFFHIJJJJJ
EEEEEFFFFFFFFFFFFFHIJJJJJ
EEEEEFFFFFFFFFFFFFHIJJJJJ
EEEEEFFFFFFFFFFFFFHIJJJJJ
EEEEEFFFFFFFFFFFFFHIJJJJJ
EEEEEGGGGGGGGGGGGGHIJJJJJ
EEEEEGGGGGGGGGGGGGHIJJJJJ
EEEEEGGGGGGGGGGGGGHIJJJJJ
EEEEEGGGGGGGGGGGGGHIJJJJJ
Case #30: 
JJJJJJJJJJJJJJJTPNVMBRRRR
JJJJJJJJJJJJJJJTPNVMBRRRR
JJJJJJJJJJJJJJJTPNVMBRRRR
JJJJJJJJJJJJJJJTPNVMBRRRR
JJJJJJJJJJJJJJJTPNVMBRRRR
JJJJJJJJJJJJJJJTPNVMBRRRR
JJJJJJJJJJJJJJJTPNVMBRRRR
JJJJJJJJJJJJJJJTPNVMBRRRR
JJJJJJJJJJJJJJJTPNVMBRRRR
JJJJJJJJJJJJJJJTPNVMBRRRR
JJJJJJJJJJJJJJJTPNVMBRRRR
JJJJJJJJJJJJJJJTPNVMBRRRR
JJJJJJJJJJJJJJJTPNVMBRRRR
JJJJJJJJJJJJJJJTPNVMBRRRR
JJJJJJJJJJJJJJJTPNVMBRRRR
JJJJJJJJJJJJJJJTPNVMBRRRR
JJJJJJJJJJJJJJJWPNVZZZYYY
JJJJJJJJJJJJJJJWPHHCCUYYY
JJJJJJJJJJJJJJJWPEELLKXXX
JJJJJJJJJJJJJJJQAAAAGGGGG
JJJJJJJJJJJJJJJQSIFOGGGGG
JJJJJJJJJJJJJJJQSIDDGGGGG
JJJJJJJJJJJJJJJQSIDDGGGGG
JJJJJJJJJJJJJJJQSIDDGGGGG
JJJJJJJJJJJJJJJQSIDDGGGGG
Case #31: 
CB
CA
Case #32: 
AAAAAAAAAAAAAAAAAAAAAAAAA
BBBBBBBBBBBBBBBBBBBBBBBBB
CCCCCCCCCCCCCCCCCCCCCCCCC
DDDDDDDDDDDDDDDDDDDDDDDDD
EEEEEEEEEEEEEEEEEEEEEEEEE
FFFFFFFFFFFFFFFFFFFFFFFFF
GGGGGGGGGGGGGGGGGGGGGGGGG
HHHHHHHHHHHHHHHHHHHHHHHHH
IIIIIIIIIIIIIIIIIIIIIIIII
JJJJJJJJJJJJJJJJJJJJJJJJJ
KKKKKKKKKKKKKKKKKKKKKKKKK
LLLLLLLLLLLLLLLLLLLLLLLLL
MMMMMMMMMMMMMMMMMMMMMMMMM
NNNNNNNNNNNNNNNNNNNNNNNNN
OOOOOOOOOOOOOOOOOOOOOOOOO
PPPPPPPPPPPPPPPPPPPPPPPPP
QQQQQQQQQQQQQQQQQQQQQQQQQ
RRRRRRRRRRRRRRRRRRRRRRRRR
SSSSSSSSSSSSSSSSSSSSSSSSS
TTTTTTTTTTTTTTTTTTTTTTTTT
UUUUUUUUUUUUUUUUUUUUUUUUU
VVVVVVVVVVVVVVVVVVVVVVVVV
WWWWWWWWWWWWWWWWWWWWWWWWW
XXXXXXXXXXXXXXXXXXXXXXXXX
YYYYYYYYYYYYYYYYYYYYYYYYY
Case #33: 
FFFFFFFFFFFFFFFFFFFFFFFFF
FFFFFFFFFFFFFFFFFFFFFFFFF
FFFFFFFFFFFFFFFFFFFFFFFFF
VCCOOOOOOOOOOOOOOOOOOOOOO
VCCOOOOOOOOOOOOOOOOOOOOOO
VCCOOOOOOOOOOOOOOOOOOOOOO
VCCAAAADDDYYYYYYYGGGGSNNN
VCCAAAADDDYYYYYYYGGGGSNNN
VCCAAAADDDYYYYYYYGGGGSNNN
VCCAAAADDDYYYYYYYQQQQSNNN
VCCAAAADDDYYYYYYYMMMMSNNN
VCCAAAADDDYYYYYYYMMMMSNNN
VCCAAAADDDYYYYYYYMMMMSNNN
VCCWWWWWWWWWWWWWXJJJJHHHP
VCCWWWWWWWWWWWWWXJJJJHHHP
VCCWWWWWWWWWWWWWXJJJJHHHP
VCCWWWWWWWWWWWWWXJJJJHHHP
VCCBBBBBBBBBBBBBXJJJJHHHP
VCCBBBBBBBBBBBBBXJJJJHHHP
VCCTUUUUZLRKKKIEXJJJJHHHP
VCCTUUUUZLRKKKIEXJJJJHHHP
VCCTUUUUZLRKKKIEXJJJJHHHP
VCCTUUUUZLRKKKIEXJJJJHHHP
VCCTUUUUZLRKKKIEXJJJJHHHP
VCCTUUUUZLRKKKIEXJJJJHHHP
Case #34: 
AAAAAAAAAAABBBBBBBBBBBBBB
AAAAAAAAAAABBBBBBBBBBBBBB
AAAAAAAAAAABBBBBBBBBBBBBB
AAAAAAAAAAABBBBBBBBBBBBBB
AAAAAAAAAAABBBBBBBBBBBBBB
AAAAAAAAAAABBBBBBBBBBBBBB
AAAAAAAAAAABBBBBBBBBBBBBB
AAAAAAAAAAABBBBBBBBBBBBBB
AAAAAAAAAAABBBBBBBBBBBBBB
AAAAAAAAAAABBBBBBBBBBBBBB
AAAAAAAAAAABBBBBBBBBBBBBB
AAAAAAAAAAABBBBBBBBBBBBBB
AAAAAAAAAAABBBBBBBBBBBBBB
AAAAAAAAAAABBBBBBBBBBBBBB
AAAAAAAAAAABBBBBBBBBBBBBB
AAAAAAAAAAABBBBBBBBBBBBBB
AAAAAAAAAAABBBBBBBBBBBBBB
AAAAAAAAAAABBBBBBBBBBBBBB
CCCCCCCCCCCBBBBBBBBBBBBBB
CCCCCCCCCCCDDDDDDDDDDDDDD
EEEEEEEEEEEDDDDDDDDDDDDDD
EEEEEEEEEEEDDDDDDDDDDDDDD
EEEEEEEEEEEDDDDDDDDDDDDDD
EEEEEEEEEEEDDDDDDDDDDDDDD
EEEEEEEEEEEDDDDDDDDDDDDDD
Case #35: 
AAAAAAAAAAAAAAAAAAAAAAAAA
BBBBBBBBBBBBBBBBBBBBBBBBB
CCCCCCCCCCCCCCCCCCCCCCCCC
DDDDDDDDDDDDDDDDDDDDDDDDD
EEEEEEEEEEEEEEEEEEEEEEEEE
FFFFFFFFFFFFFFFFFFFFFFFFF
GGGGGGGGGGGGGGGGGGGGGGGGG
HHHHHHHHHHHHHHHHHHHHHHHHH
IIIIIIIIIIIIIIIIIIIIIIIII
JJJJJJJJJJJJJJJJJJJJJJJJJ
KKKKKKKKKKKKKKKKKKKKKKKKK
LLLLLLLLLLLLLLLLLLLLLLLLL
MMMMMMMMMMMMMMMMMMMMMMMMM
NNNNNNNNNNNNNNNNNNNNNNNNN
OOOOOOOOOOOOOOOOOOOOOOOOO
PPPPPPPPPPPPPPPPPPPPPPPPP
QQQQQQQQQQQQQQQQQQQQQQQQQ
RRRRRRRRRRRRRRRRRRRRRRRRR
SSSSSSSSSSSSSSSSSSSSSSSSS
TTTTTTTTTTTTTTTTTTTTTTTTT
UUUUUUUUUUUUUUUUUUUUUUUUU
VVVVVVVVVVVVVVVVVVVVVVVVV
WWWWWWWWWWWWWWWWWWWWWWWWW
XXXXXXXXXXXXXXXXXXXXXXXXX
YYYYYYYYYYYYYYYYYYYYYYYYY
Case #36: 
AA
AA
Case #37: 
AAAAAAAAAAAAABBBBBBBBBBBB
AAAAAAAAAAAAABBBBBBBBBBBB
AAAAAAAAAAAAABBBBBBBBBBBB
AAAAAAAAAAAAABBBBBBBBBBBB
AAAAAAAAAAAAABBBBBBBBBBBB
AAAAAAAAAAAAABBBBBBBBBBBB
AAAAAAAAAAAAABBBBBBBBBBBB
AAAAAAAAAAAAABBBBBBBBBBBB
AAAAAAAAAAAAABBBBBBBBBBBB
AAAAAAAAAAAAABBBBBBBBBBBB
AAAAAAAAAAAAABBBBBBBBBBBB
AAAAAAAAAAAAABBBBBBBBBBBB
AAAAAAAAAAAAABBBBBBBBBBBB
AAAAAAAAAAAAABBBBBBBBBBBB
AAAAAAAAAAAAABBBBBBBBBBBB
CCCCCCCCCCCCCBBBBBBBBBBBB
CCCCCCCCCCCCCDDDDDDDDDDDD
EEEEEEEEEEEEEDDDDDDDDDDDD
EEEEEEEEEEEEEDDDDDDDDDDDD
EEEEEEEEEEEEEDDDDDDDDDDDD
EEEEEEEEEEEEEDDDDDDDDDDDD
EEEEEEEEEEEEEDDDDDDDDDDDD
EEEEEEEEEEEEEDDDDDDDDDDDD
EEEEEEEEEEEEEDDDDDDDDDDDD
EEEEEEEEEEEEEDDDDDDDDDDDD
Case #38: 
GGSMCIEEEEEFFZBBBBXAYYNNT
JJSMCIKVVRLLWPDQQQHOOOOOU
Case #39: 
AAACDEEEEEEEEEEEFFFFFGGGG
AAACDEEEEEEEEEEEFFFFFGGGG
AAACDEEEEEEEEEEEFFFFFGGGG
AAACDEEEEEEEEEEEFFFFFGGGG
AAACDEEEEEEEEEEEFFFFFGGGG
AAACDEEEEEEEEEEEFFFFFGGGG
AAACDEEEEEEEEEEEFFFFFGGGG
BBBCDEEEEEEEEEEEFFFFFGGGG
BBBCDEEEEEEEEEEEFFFFFGGGG
BBBCDEEEEEEEEEEEFFFFFGGGG
BBBCDEEEEEEEEEEEFFFFFGGGG
BBBCDEEEEEEEEEEEFFFFFGGGG
BBBCDEEEEEEEEEEEFFFFFGGGG
BBBCDEEEEEEEEEEEFFFFFGGGG
BBBCDEEEEEEEEEEEFFFFFGGGG
BBBCDEEEEEEEEEEEFFFFFGGGG
BBBCDEEEEEEEEEEEFFFFFGGGG
BBBCDEEEEEEEEEEEFFFFFGGGG
BBBCDEEEEEEEEEEEFFFFFGGGG
BBBCDEEEEEEEEEEEFFFFFGGGG
BBBCDEEEEEEEEEEEHHHHHHHHH
BBBCDEEEEEEEEEEEIIIIIIIII
BBBCDEEEEEEEEEEEJJJJJJJJJ
BBBCDEEEEEEEEEEEJJJJJJJJJ
BBBCDEEEEEEEEEEEJJJJJJJJJ
Case #40: 
YYYYYYYYYYYYYYYYYYYYYYYYY
YYYYYYYYYYYYYYYYYYYYYYYYY
YYYYYYYYYYYYYYYYYYYYYYYYY
YYYYYYYYYYYYYYYYYYYYYYYYY
YYYYYYYYYYYYYYYYYYYYYYYYY
YYYYYYYYYYYYYYYYYYYYYYYYY
YYYYYYYYYYYYYYYYYYYYYYYYY
YYYYYYYYYYYYYYYYYYYYYYYYY
YYYYYYYYYYYYYYYYYYYYYYYYY
YYYYYYYYYYYYYYYYYYYYYYYYY
YYYYYYYYYYYYYYYYYYYYYYYYY
YYYYYYYYYYYYYYYYYYYYYYYYY
YYYYYYYYYYYYYYYYYYYYYYYYY
YYYYYYYYYYYYYYYYYYYYYYYYY
ZLLLEEEEEEEEEEEEEEEEEEEEE
ZLLLHPVIRBBBWWWWWWWWWWWWW
ZOOOHPVIRBBBWWWWWWWWWWWWW
ZOOOHPVIRBBBWWWWWWWWWWWWW
ZOOOAPVIRBBBWWWWWWWWWWWWW
ZFFFAPVIRKJJJJJJJJJJJJJJJ
ZSSSACCGNNDDDDDDDDDDDDDDD
ZSSSACCGNNDDDDDDDDDDDDDDD
ZMMMACCGNNDDDDDDDDDDDDDDD
ZTTTACCGUUXXXXXXXXXXXXXXX
ZTTTACCGQQXXXXXXXXXXXXXXX
Case #41: 
CCCYYYYYYYYYYYYYYYYYYYYYY
CCCYYYYYYYYYYYYYYYYYYYYYY
CCCYYYYYYYYYYYYYYYYYYYYYY
CCCYYYYYYYYYYYYYYYYYYYYYY
CCCRRHHHHHHHHHHHHHHHHHHHH
EETRRHHHHHHHHHHHHHHHHHHHH
EETBXHHHHHHHHHHHHHHHHHHHH
ZZNWXLLLLLLLLLLLLLLLLLLLL
ZZPWXSSSJMMMMMMMMMMMMMMMM
ZZPWXSSSJMMMMMMMMMMMMMMMM
ZZPWXSSSJDDDDDDDDDDDDDDDD
ZZPWXSSSJKIIIIIIIIIIIIIII
ZZPWQSSSJOIIIIIIIIIIIIIII
ZZPWFSSSJOIIIIIIIIIIIIIII
ZZPWFGUUUUUUUUUUUUUUUUUUU
ZZPWFAUUUUUUUUUUUUUUUUUUU
ZZPWFAUUUUUUUUUUUUUUUUUUU
ZZPWFAUUUUUUUUUUUUUUUUUUU
ZZVWFAUUUUUUUUUUUUUUUUUUU
ZZVWFAUUUUUUUUUUUUUUUUUUU
ZZVWFAUUUUUUUUUUUUUUUUUUU
ZZVWFAUUUUUUUUUUUUUUUUUUU
ZZVWFAUUUUUUUUUUUUUUUUUUU
ZZVWFAUUUUUUUUUUUUUUUUUUU
ZZVWFAUUUUUUUUUUUUUUUUUUU
Case #42: 
AAAAAAAAAAAAAAAAAAAAAAAAA
AAAAAAAAAAAAAAAAAAAAAAAAA
AAAAAAAAAAAAAAAAAAAAAAAAA
AAAAAAAAAAAAAAAAAAAAAAAAA
AAAAAAAAAAAAAAAAAAAAAAAAA
AAAAAAAAAAAAAAAAAAAAAAAAA
AAAAAAAAAAAAAAAAAAAAAAAAA
AAAAAAAAAAAAAAAAAAAAAAAAA
AAAAAAAAAAAAAAAAAAAAAAAAA
AAAAAAAAAAAAAAAAAAAAAAAAA
AAAAAAAAAAAAAAAAAAAAAAAAA
AAAAAAAAAAAAAAAAAAAAAAAAA
AAAAAAAAAAAAAAAAAAAAAAAAA
AAAAAAAAAAAAAAAAAAAAAAAAA
AAAAAAAAAAAAAAAAAAAAAAAAA
AAAAAAAAAAAAAAAAAAAAAAAAA
AAAAAAAAAAAAAAAAAAAAAAAAA
AAAAAAAAAAAAAAAAAAAAAAAAA
AAAAAAAAAAAAAAAAAAAAAAAAA
AAAAAAAAAAAAAAAAAAAAAAAAA
AAAAAAAAAAAAAAAAAAAAAAAAA
AAAAAAAAAAAAAAAAAAAAAAAAA
AAAAAAAAAAAAAAAAAAAAAAAAA
AAAAAAAAAAAAAAAAAAAAAAAAA
AAAAAAAAAAAAAAAAAAAAAAAAA
Case #43: 
CCCCC
CCCCC
AAAAA
BBBBB
BBBBB
Case #44: 
AAAAAAAAAAAAAAAAAAAAAAAAA
AAAAAAAAAAAAAAAAAAAAAAAAA
AAAAAAAAAAAAAAAAAAAAAAAAA
AAAAAAAAAAAAAAAAAAAAAAAAA
AAAAAAAAAAAAAAAAAAAAAAAAA
AAAAAAAAAAAAAAAAAAAAAAAAA
AAAAAAAAAAAAAAAAAAAAAAAAA
AAAAAAAAAAAAAAAAAAAAAAAAA
AAAAAAAAAAAAAAAAAAAAAAAAA
AAAAAAAAAAAAAAAAAAAAAAAAA
JJUUUUUUUUUUUUUUUUUUUUUUU
TTUUUUUUUUUUUUUUUUUUUUUUU
CCEFFFFFFFFFFFFFFFFFFFFFF
QQEGGGGGGGGGGGGGGGGGGGGGG
LLEZZPPPPPPPPPPPPPPPPPPPP
DDNBMYRRRRRRRRRRRRRRRRRRR
DDNIXYRRRRRRRRRRRRRRRRRRR
KKNVXYRRRRRRRRRRRRRRRRRRR
SOWHXYRRRRRRRRRRRRRRRRRRR
SOWHXYRRRRRRRRRRRRRRRRRRR
SOWHXYRRRRRRRRRRRRRRRRRRR
SOWHXYRRRRRRRRRRRRRRRRRRR
SOWHXYRRRRRRRRRRRRRRRRRRR
SOWHXYRRRRRRRRRRRRRRRRRRR
SOWHXYRRRRRRRRRRRRRRRRRRR
Case #45: 
ACDEEEEEEEEEEEEEEEEEEEEEE
ACDEEEEEEEEEEEEEEEEEEEEEE
ACDEEEEEEEEEEEEEEEEEEEEEE
ACDEEEEEEEEEEEEEEEEEEEEEE
ACDEEEEEEEEEEEEEEEEEEEEEE
ACDEEEEEEEEEEEEEEEEEEEEEE
ACDEEEEEEEEEEEEEEEEEEEEEE
ACDEEEEEEEEEEEEEEEEEEEEEE
ACDEEEEEEEEEEEEEEEEEEEEEE
BCDEEEEEEEEEEEEEEEEEEEEEE
BCDEEEEEEEEEEEEEEEEEEEEEE
BCDEEEEEEEEEEEEEEEEEEEEEE
BCDEEEEEEEEEEEEEEEEEEEEEE
BCDEEEEEEEEEEEEEEEEEEEEEE
BCDEEEEEEEEEEEEEEEEEEEEEE
BCDEEEEEEEEEEEEEEEEEEEEEE
BCDEEEEEEEEEEEEEEEEEEEEEE
BCDEEEEEEEEEEEEEEEEEEEEEE
BCDEEEEEEEEEEEEEEEEEEEEEE
BCDEEEEEEEEEEEEEEEEEEEEEE
BCDEEEEEEEEEEEEEEEEEEEEEE
BCDEEEEEEEEEEEEEEEEEEEEEE
BCDEEEEEEEEEEEEEEEEEEEEEE
BCDEEEEEEEEEEEEEEEEEEEEEE
BCDEEEEEEEEEEEEEEEEEEEEEE
Case #46: 
VVVHEEEEEEEEEEEEEEEBBBBBB
VVVHEEEEEEEEEEEEEEEBBBBBB
VVVHEEEEEEEEEEEEEEEBBBBBB
VVVHEEEEEEEEEEEEEEEBBBBBB
VVVHEEEEEEEEEEEEEEEBBBBBB
VVVHEEEEEEEEEEEEEEELLLLLL
VVVHFFFFFFFFFFFFFFFLLLLLL
VVVHDDDDDDDDDDDDDDDLLLLLL
VVVHDDDDDDDDDDDDDDDMMMMMM
VVVHDDDDDDDDDDDDDDDGGGGGG
VVVHDDDDDDDDDDDDDDDGGGGGG
VVVHTTTTTTTTTTTTTTTGGGGGG
VVVHTTTTTTTTTTTTTTTSSSSSS
VVVHTTTTTTTTTTTTTTTKKKKKK
VVVHOOOOOOOOOOOOOOOKKKKKK
VVVHUUQZZZCCCCNAIIIKKKKKK
VVVHUUQZZZCCCCNAIIIKKKKKK
VVVHUUQZZZCCCCNAIIIKKKKKK
VVVHUUQZZZCCCCNAIIIWWWRRR
VVVHUUQZZZCCCCNAIIIWWWRRR
VVVHUUQZZZCCCCNAXXXWWWRRR
VVVHUUQZZZCCCCNAPPPWWWRRR
VVVHUUQZZZCCCCNAYYYWWWRRR
VVVHUUQZZZCCCCNAYYYWWWRRR
VVVHUUQZZZCCCCNAJJJWWWRRR
Case #47: 
ZZZZZZZZZZZZZZZZZZZZZZZZZ
ZZZZZZZZZZZZZZZZZZZZZZZZZ
ZZZZZZZZZZZZZZZZZZZZZZZZZ
YYYYNNNNNNNNNVVFFLLLDTTTT
YYYYXXXXXXXXXVVFFLLLDTTTT
YYYYXXXXXXXXXVVFFLLLDTTTT
YYYYHHHHHHHHHVVFFLLLDTTTT
YYYYHHHHHHHHHVVFFLLLDTTTT
YYYYIIIIIIIIIVVFFLLLDTTTT
YYYYIIIIIIIIIVVFFLLLDTTTT
YYYYIIIIIIIIIVVFFLLLDTTTT
YYYYIIIIIIIIIVVFFLLLDTTTT
YYYYIIIIIIIIIVVFFLLLDTTTT
YYYYUUUUUUUUUVVFFLLLDTTTT
YYYYOOOOOOOOOVVPRMMCJJGGG
YYYYKKKKKKKKKVVPRMMCJJAAA
YYYYKKKKKKKKKVVPRMMCJJAAA
YYYYBBBBBBBBBVVPRMMCJJAAA
YYYYBBBBBBBBBVVPRMMCJJAAA
YYYYSSSSSSSSSVVPRMMCJJWWW
YYYYSSSSSSSSSVVPRMMCJJWWW
YYYYSSSSSSSSSVVPRMMCJJWWW
YYYYSSSSSSSSSVVPRMMCJJWWW
YYYYSSSSSSSSSVVPRMMCJJQQQ
YYYYSSSSSSSSSVVPREEEEEEEE
Case #48: 
BBBB
BBBB
BBBB
AAAA
Case #49: 
HHHHHHHHHHHHHHHHHHHHHHHHH
HHHHHHHHHHHHHHHHHHHHHHHHH
WWWWWWWWWWWWWWWWWWWWWWWWW
EEEEEEEEEEEEEEEEEEEEEEEEE
EEEEEEEEEEEEEEEEEEEEEEEEE
YMLLFFFFFVVVVVVVVVVVVVVVV
YMLLFFFFFJJJJJJJJJJJJJJJJ
YMLLFFFFFSSSSSSSSSSSSSSSS
YMLLFFFFFTTTTTTTTTTTTRKXX
YMLLFFFFFTTTTTTTTTTTTRKXX
YMLLFFFFFTTTTTTTTTTTTRKXX
YMLLFFFFFTTTTTTTTTTTTRKXX
YMLLFFFFFTTTTTTTTTTTTRKXX
YMLLFFFFFGNIIIIIIIIIOOOOO
YMLLFFFFFGNIIIIIIIIIOOOOO
YMLLFFFFFGNIIIIIIIIIOOOOO
YQQQQQQQQGNIIIIIIIIIOOOOO
YQQQQQQQQGNIIIIIIIIIOOOOO
YQQQQQQQQGNIIIIIIIIIOOOOO
YQQQQQQQQGNIIIIIIIIIOOOOO
YQQQQQQQQGNIIIIIIIIIOOOOO
YQQQQQQQQGNCDDDDDDDDOOOOO
YQQQQQQQQGNCDDDDDDDDOOOOO
YBBBBBBBZGNPUUUUUUUAOOOOO
YBBBBBBBZGNPUUUUUUUAOOOOO
Case #50: 
RRRRRRRRRRRRRRRRRRRRRRRRR
RRRRRRRRRRRRRRRRRRRRRRRRR
RRRRRRRRRRRRRRRRRRRRRRRRR
RRRRRRRRRRRRRRRRRRRRRRRRR
RRRRRRRRRRRRRRRRRRRRRRRRR
RRRRRRRRRRRRRRRRRRRRRRRRR
RRRRRRRRRRRRRRRRRRRRRRRRR
RRRRRRRRRRRRRRRRRRRRRRRRR
RRRRRRRRRRRRRRRRRRRRRRRRR
RRRRRRRRRRRRRRRRRRRRRRRRR
RRRRRRRRRRRRRRRRRRRRRRRRR
RRRRRRRRRRRRRRRRRRRRRRRRR
VVVVVVVVVVVVVVVVVVVVVVVVV
VVVVVVVVVVVVVVVVVVVVVVVVV
XXXXXXXXXXXXXXXXXXXXXXXXX
SSSSSSSSSSSSSSSSSSSSSSSSS
AAAAKKKKKKKKKKKKKKKKKKKKK
LBBPMMMYNIIIIIIIIIIIIIIII
LBBPJJJYNIIIIIIIIIIIIIIII
LBBPDZFYNIIIIIIIIIIIIIIII
LBBPDZFYNIIIIIIIIIIIIIIII
LBBPDZFYNIIIIIIIIIIIIIIII
LBBPTZFYNEEEEEEEEEEEEEEEE
LUWPCZQYNEEEEEEEEEEEEEEEE
GGGGOZQYNHHHHHHHHHHHHHHHH
Case #51: 
JGBKEDDIICFLLHHMMMMAAAAAA
Case #52: 
AAAAAAAAAAAAAAAAAAAAAAAAA
BBBBBBBBBBBBBBBBBBBBBBBBB
CCCCCCCCCCCCCCCCCCCCCCCCC
DDDDDDDDDDDDDDDDDDDDDDDDD
EEEEEEEEEEEEEEEEEEEEEEEEE
FFFFFFFFFFFFFFFFFFFFFFFFF
GGGGGGGGGGGGGGGGGGGGGGGGG
HHHHHHHHHHHHHHHHHHHHHHHHH
IIIIIIIIIIIIIIIIIIIIIIIII
JJJJJJJJJJJJJJJJJJJJJJJJJ
KKKKKKKKKKKKKKKKKKKKKKKKK
LLLLLLLLLLLLLLLLLLLLLLLLL
MMMMMMMMMMMMMMMMMMMMMMMMM
NNNNNNNNNNNNNNNNNNNNNNNNN
OOOOOOOOOOOOOOOOOOOOOOOOO
PPPPPPPPPPPPPPPPPPPPPPPPP
QQQQQQQQQQQQQQQQQQQQQQQQQ
RRRRRRRRRRRRRRRRRRRRRRRRR
SSSSSSSSSSSSSSSSSSSSSSSSS
TTTTTTTTTTTTTTTTTTTTTTTTT
UUUUUUUUUUUUUUUUUUUUUUUUU
VVVVVVVVVVVVVVVVVVVVVVVVV
WWWWWWWWWWWWWWWWWWWWWWWWW
XXXXXXXXXXXXXXXXXXXXXXXXX
YYYYYYYYYYYYYYYYYYYYYYYYY
Case #53: 
KKKKKKKKKKKKKKKKKKKKKKKKK
KKKKKKKKKKKKKKKKKKKKKKKKK
KKKKKKKKKKKKKKKKKKKKKKKKK
KKKKKKKKKKKKKKKKKKKKKKKKK
KKKKKKKKKKKKKKKKKKKKKKKKK
KKKKKKKKKKKKKKKKKKKKKKKKK
KKKKKKKKKKKKKKKKKKKKKKKKK
KKKKKKKKKKKKKKKKKKKKKKKKK
KKKKKKKKKKKKKKKKKKKKKKKKK
KKKKKKKKKKKKKKKKKKKKKKKKK
KKKKKKKKKKKKKKKKKKKKKKKKK
KKKKKKKKKKKKKKKKKKKKKKKKK
KKKKKKKKKKKKKKKKKKKKKKKKK
GGGGGGGGGGGGGGGGGGGGGGGGG
VQOLLLLLLLLLLLLLLLLLLLLLL
VQOLLLLLLLLLLLLLLLLLLLLLL
VQOHHHHHHHWWWWWWWWWWWWWWW
VQONNNNNNNCCCCCCCCCCCCCCC
VQOSSSSSIPFFFFFFFFFFFFFFF
VQAUUUUBBBBBBBBBBBBBBBBBB
VQXZZZZEEEEEEEEEEEEEEEEEE
VQMRRRREEEEEEEEEEEEEEEEEE
VQYDDDDEEEEEEEEEEEEEEEEEE
VQYJJTTEEEEEEEEEEEEEEEEEE
VQYJJTTEEEEEEEEEEEEEEEEEE
Case #54: 
OOOOOOOOOOOOOOOOOOOOOOOOO
OOOOOOOOOOOOOOOOOOOOOOOOO
SSIIZBBBBBBBBBBBBBBBBBNNC
SSIIZRRRRRRRRRRRRRRRRRNNG
SSIIZEEEEEQUUHHHXXXXXXNNG
SSIIZEEEEEQUUHHHXXXXXXNNG
SSIIZEEEEEQUUHHHXXXXXXNNG
SSIIZEEEEEQUUHHHXXXXXXNNG
SSIIZEEEEEQUUHHHXXXXXXNNG
SSIIZEEEEEQUUHHHXXXXXXNNG
SSIIZEEEEEQUUHHHXXXXXXNNG
SSIIZEEEEEQUUHHHXXXXXXNNG
SSIIZPDDDAAFFFFFFFFFFFNNG
SSIIZPDDDAAJJJJJJJJJJJNNG
SSIIZPDDDAAJJJJJJJJJJJNNG
SSIIZPDDDAAJJJJJJJJJJJNNG
SSIIZPDDDAATTTTTTTTTTTNNG
SSIIZPDDDAAVVVVVVVVVVVNNG
SSIIZPDDDAAVVVVVVVVVVVNNG
SSIIZWDDDAAVVVVVVVVVVVNNG
SSIIZWDDDAAVVVVVVVVVVVNNG
SSIIZWDDDAAYYYYYYYKKKKNNG
SSIIZWDDDAALLLLLLLKKKKNNG
SSIIZWDDDAAMMMMMMMKKKKNNG
SSIIZWDDDAAMMMMMMMKKKKNNG
Case #55: 
AAAAAAAAAAAAAAAAAAAAAAAAB
AAAAAAAAAAAAAAAAAAAAAAAAB
AAAAAAAAAAAAAAAAAAAAAAAAB
AAAAAAAAAAAAAAAAAAAAAAAAB
AAAAAAAAAAAAAAAAAAAAAAAAB
AAAAAAAAAAAAAAAAAAAAAAAAB
AAAAAAAAAAAAAAAAAAAAAAAAB
AAAAAAAAAAAAAAAAAAAAAAAAB
AAAAAAAAAAAAAAAAAAAAAAAAB
AAAAAAAAAAAAAAAAAAAAAAAAB
CCCCCCCCCCCCCCCCCCCCCCCCB
CCCCCCCCCCCCCCCCCCCCCCCCD
EEEEEEEEEEEEEEEEEEEEEEEED
EEEEEEEEEEEEEEEEEEEEEEEED
EEEEEEEEEEEEEEEEEEEEEEEED
EEEEEEEEEEEEEEEEEEEEEEEED
EEEEEEEEEEEEEEEEEEEEEEEED
EEEEEEEEEEEEEEEEEEEEEEEED
EEEEEEEEEEEEEEEEEEEEEEEED
EEEEEEEEEEEEEEEEEEEEEEEED
EEEEEEEEEEEEEEEEEEEEEEEED
EEEEEEEEEEEEEEEEEEEEEEEED
EEEEEEEEEEEEEEEEEEEEEEEED
EEEEEEEEEEEEEEEEEEEEEEEED
EEEEEEEEEEEEEEEEEEEEEEEED
Case #56: 
NNNNNNNNNNNNNNNNNNNFFFFFX
NNNNNNNNNNNNNNNNNNNFFFFFX
NNNNNNNNNNNNNNNNNNNFFFFFX
NNNNNNNNNNNNNNNNNNNAAAAAX
NNNNNNNNNNNNNNNNNNNCRBBTS
NNNNNNNNNNNNNNNNNNNCRVZQS
NNNNNNNNNNNNNNNNNNNCRVZQS
NNNNNNNNNNNNNNNNNNNCRVZMO
NNNNNNNNNNNNNNNNNNNYKWEEP
NNNNNNNNNNNNNNNNNNNYKWJJP
NNNNNNNNNNNNNNNNNNNYKWUUD
NNNNNNNNNNNNNNNNNNNYKWHHL
NNNNNNNNNNNNNNNNNNNYKWGGL
NNNNNNNNNNNNNNNNNNNYKWGGL
NNNNNNNNNNNNNNNNNNNYKWGGI
NNNNNNNNNNNNNNNNNNNYKWGGI
NNNNNNNNNNNNNNNNNNNYKWGGI
NNNNNNNNNNNNNNNNNNNYKWGGI
NNNNNNNNNNNNNNNNNNNYKWGGI
NNNNNNNNNNNNNNNNNNNYKWGGI
NNNNNNNNNNNNNNNNNNNYKWGGI
NNNNNNNNNNNNNNNNNNNYKWGGI
NNNNNNNNNNNNNNNNNNNYKWGGI
NNNNNNNNNNNNNNNNNNNYKWGGI
NNNNNNNNNNNNNNNNNNNYKWGGI
Case #57: 
AAA
AAA
AAA
AAA
AAA
Case #58: 
ABCDEFGHIJKLMNOPQRSTUVWXY
ABCDEFGHIJKLMNOPQRSTUVWXY
ABCDEFGHIJKLMNOPQRSTUVWXY
ABCDEFGHIJKLMNOPQRSTUVWXY
ABCDEFGHIJKLMNOPQRSTUVWXY
ABCDEFGHIJKLMNOPQRSTUVWXY
ABCDEFGHIJKLMNOPQRSTUVWXY
ABCDEFGHIJKLMNOPQRSTUVWXY
ABCDEFGHIJKLMNOPQRSTUVWXY
ABCDEFGHIJKLMNOPQRSTUVWXY
ABCDEFGHIJKLMNOPQRSTUVWXY
ABCDEFGHIJKLMNOPQRSTUVWXY
ABCDEFGHIJKLMNOPQRSTUVWXY
ABCDEFGHIJKLMNOPQRSTUVWXY
ABCDEFGHIJKLMNOPQRSTUVWXY
ABCDEFGHIJKLMNOPQRSTUVWXY
ABCDEFGHIJKLMNOPQRSTUVWXY
ABCDEFGHIJKLMNOPQRSTUVWXY
ABCDEFGHIJKLMNOPQRSTUVWXY
ABCDEFGHIJKLMNOPQRSTUVWXY
ABCDEFGHIJKLMNOPQRSTUVWXY
ABCDEFGHIJKLMNOPQRSTUVWXY
ABCDEFGHIJKLMNOPQRSTUVWXY
ABCDEFGHIJKLMNOPQRSTUVWXY
ABCDEFGHIJKLMNOPQRSTUVWXY
Case #59: 
JJJJJJJJJJJJJJJJJJJJJJJJJ
JJJJJJJJJJJJJJJJJJJJJJJJJ
MMMMMMMMMMMMMMXXVVVVVVVVV
WWWWWWWWWWWWWWXXVVVVVVVVV
WWWWWWWWWWWWWWXXVVVVVVVVV
WWWWWWWWWWWWWWXXVVVVVVVVV
KKKKKKKKKKKKKKXXVVVVVVVVV
KKKKKKKKKKKKKKXXVVVVVVVVV
KKKKKKKKKKKKKKXXVVVVVVVVV
HHHHHHHHHHHHHHXXZZZZZZZZZ
NNNNQEEEDDOOUUXXPPPPPPPPP
NNNNQEEEDDOOUUXXPPPPPPPPP
NNNNQEEEDDOOUUXXPPPPPPPPP
NNNNQEEEDDOOUUXXPPPPPPPPP
NNNNQEEEDDOOUUXXTTTTTTTTT
NNNNQEEEDDOOUUXXTTTTTTTTT
NNNNQEEEDDOOUUXXTTTTTTTTT
NNNNQEEEDDOOUUXXFFFFFFFFF
NNNNQEEEDDOOAAXXRRRRRRRRR
NNNNQEEEDDOOAAXXLLLLLLLLL
NNNNQEEEDDOOAAXXLLLLLLLLL
NNNNQEEEDDOOBBXXSSSSSSSSS
NNNNQEEEDDIIBBXXYYYYYYYYY
NNNNQEEEDDGGBBXXCCCCCCCCC
NNNNQEEEDDGGBBXXCCCCCCCCC
Case #60: 
AAAAAAAAAAAACDEEEEEEEEEEE
AAAAAAAAAAAACDEEEEEEEEEEE
AAAAAAAAAAAACDEEEEEEEEEEE
AAAAAAAAAAAACDEEEEEEEEEEE
AAAAAAAAAAAACDEEEEEEEEEEE
AAAAAAAAAAAACDEEEEEEEEEEE
AAAAAAAAAAAACDEEEEEEEEEEE
AAAAAAAAAAAACDEEEEEEEEEEE
AAAAAAAAAAAACDEEEEEEEEEEE
AAAAAAAAAAAACDEEEEEEEEEEE
AAAAAAAAAAAACDEEEEEEEEEEE
BBBBBBBBBBBBCDEEEEEEEEEEE
BBBBBBBBBBBBCDEEEEEEEEEEE
BBBBBBBBBBBBCDEEEEEEEEEEE
BBBBBBBBBBBBCDEEEEEEEEEEE
BBBBBBBBBBBBCDEEEEEEEEEEE
BBBBBBBBBBBBCDEEEEEEEEEEE
BBBBBBBBBBBBCDEEEEEEEEEEE
BBBBBBBBBBBBCDEEEEEEEEEEE
BBBBBBBBBBBBCDEEEEEEEEEEE
BBBBBBBBBBBBCDEEEEEEEEEEE
BBBBBBBBBBBBCDEEEEEEEEEEE
BBBBBBBBBBBBCDEEEEEEEEEEE
BBBBBBBBBBBBCDEEEEEEEEEEE
BBBBBBBBBBBBCDEEEEEEEEEEE
Case #61: 
AAAA
AAAA
BBBB
Case #62: 
GGGGGGGGGGGGGGOOOOOOOOOOO
GGGGGGGGGGGGGGOOOOOOOOOOO
GGGGGGGGGGGGGGOOOOOOOOOOO
GGGGGGGGGGGGGGOOOOOOOOOOO
GGGGGGGGGGGGGGOOOOOOOOOOO
GGGGGGGGGGGGGGOOOOOOOOOOO
GGGGGGGGGGGGGGOOOOOOOOOOO
GGGGGGGGGGGGGGOOOOOOOOOOO
GGGGGGGGGGGGGGOOOOOOOOOOO
GGGGGGGGGGGGGGOOOOOOOOOOO
GGGGGGGGGGGGGGOOOOOOOOOOO
GGGGGGGGGGGGGGMMMMMMMMMMM
GGGGGGGGGGGGGGMMMMMMMMMMM
JJJJJJJJJJJJJJFFFFFFFFFFF
SSSSSSSSSLPUYYXXXXXXXXXXX
SSSSSSSSSLPUYYXXXXXXXXXXX
QQQQQQQQQQQZHHKKVVVVVEEEE
QQQQQQQQQQQZBBKKWCDDDEEEE
QQQQQQQQQQQZAAKKWCDDDEEEE
QQQQQQQQQQQNAAKKTRRRREEEE
QQQQQQQQQQQNAAKKTRRRREEEE
QQQQQQQQQQQNIIKKTRRRREEEE
QQQQQQQQQQQNIIKKTRRRREEEE
QQQQQQQQQQQNIIKKTRRRREEEE
QQQQQQQQQQQNIIKKTRRRREEEE
Case #63: 
ZZZZZZZZZZZZZZZZZZZZZZZMM
ZZZZZZZZZZZZZZZZZZZZZZZMM
ZZZZZZZZZZZZZZZZZZZZZZZMM
QQQQQQQQQQQQQQQQQQQQQQQMM
SSSDDDDDDDDDDDDDDDDDDUEMM
SSSDDDDDDDDDDDDDDDDDDUEMM
SSSKKKKKKKKKKKKKKKKKKUEMM
SSSKKKKKKKKKKKKKKKKKKUEMM
SSSHHHHHHHHHHHHHHHHHHUEMM
SSSGGGGGGGGGGGGGGGGGGUEMM
SSSPPPPPPRTTJJJJJJJOXUEMM
SSSPPPPPPRTTJJJJJJJOXUEMM
SSSPPPPPPRTTJJJJJJJOXUEMM
SSSPPPPPPRTTJJJJJJJOXUEMM
SSSPPPPPPRCCCCCCCCCOVUEMM
SSSPPPPPPRNNNNNNNNNOVUEMM
SSSIIIIIIIIIIIIIIIIIIUEMM
SSSBBBBBBBBBBBBBBBBBBUEMM
SSSAAAAAAAAAAAAAAAAAAUEMM
SSSYYYYYYYYYYYYYYYYYYUEMM
SSSYYYYYYYYYYYYYYYYYYUEMM
SSSLLLLLLLLLLLLLLLLLLUEMM
FFFFFFFFFFFFFFFFFFFFFFFMM
FFFFFFFFFFFFFFFFFFFFFFFMM
WWWWWWWWWWWWWWWWWWWWWWWMM
Case #64: 
HHHHHHHHHHHHHHHHHHHHHHHHH
IIIIIIIIIIIIIIIIIIIIIIAAA
EEEEEEEEEEEEEEEEEEEEEEAAA
EEEEEEEEEEEEEEEEEEEEEEBBB
EEEEEEEEEEEEEEEEEEEEEEBBB
ZKKKKKKKKKTTTTTTTTTTVVBBB
ZMMMMMMMMMTTTTTTTTTTVVBBB
ZMMMMMMMMMTTTTTTTTTTVVBBB
ZMMMMMMMMMTTTTTTTTTTVVDDD
ZMMMMMMMMMTTTTTTTTTTVVDDD
WWWWWWWWWWWWWWWWWFFFFFDDD
WWWWWWWWWWWWWWWWWFFFFFDDD
WWWWWWWWWWWWWWWWWFFFFFDDD
YGGGGNNLLLOOOUPPCFFFFFDDD
YGGGGNNLLLOOOUPPCQQQQQDDD
YGGGGNNLLLOOOUPPCQQQQQDDD
YGGGGNNLLLOOOUPPCQQQQQDDD
YGGGGNNLLLOOOUPPCQQQQQXXX
YGGGGNNLLLOOOUPPCQQQQQXXX
YGGGGNNLLLOOOUPPCQQQQQXXX
YGGGGNNLLLOOOUPPCQQQQQXXX
YGGGGNNLLLOOOUPPCSSSSSXXX
YGGGGNNLLLOOOUPPCSSSSSXXX
YGGGGNNLLLOOOUPPCSSSSSRRR
YGGGGNNLLLOOOUPPCJJJJJRRR
Case #65: 
AAAAAAAAAAAAAAAAAAAAAAAAA
BBBBBBBBBBBBBBBBBBBBBBBBB
CCCCCCCCCCCCCCCCCCCCCCCCC
DDDDDDDDDDDDDDDDDDDDDDDDD
EEEEEEEEEEEEEEEEEEEEEEEEE
FFFFFFFFFFFFFFFFFFFFFFFFF
GGGGGGGGGGGGGGGGGGGGGGGGG
HHHHHHHHHHHHHHHHHHHHHHHHH
IIIIIIIIIIIIIIIIIIIIIIIII
JJJJJJJJJJJJJJJJJJJJJJJJJ
KKKKKKKKKKKKKKKKKKKKKKKKK
LLLLLLLLLLLLLLLLLLLLLLLLL
MMMMMMMMMMMMMMMMMMMMMMMMM
NNNNNNNNNNNNNNNNNNNNNNNNN
OOOOOOOOOOOOOOOOOOOOOOOOO
PPPPPPPPPPPPPPPPPPPPPPPPP
QQQQQQQQQQQQQQQQQQQQQQQQQ
RRRRRRRRRRRRRRRRRRRRRRRRR
SSSSSSSSSSSSSSSSSSSSSSSSS
TTTTTTTTTTTTTTTTTTTTTTTTT
UUUUUUUUUUUUUUUUUUUUUUUUU
VVVVVVVVVVVVVVVVVVVVVVVVV
WWWWWWWWWWWWWWWWWWWWWWWWW
XXXXXXXXXXXXXXXXXXXXXXXXX
YYYYYYYYYYYYYYYYYYYYYYYYY
Case #66: 
MMMMMMMMMMMMMMAAAAAAAALLL
MMMMMMMMMMMMMMQQQQQQQQKKK
MMMMMMMMMMMMMMVVVVVVVSNNN
MMMMMMMMMMMMMMBBBBBBBZNNN
MMMMMMMMMMMMMMIIIIIIIZNNN
MMMMMMMMMMMMMMHHHFFYYZNNN
MMMMMMMMMMMMMMHHHFFYYZOOO
MMMMMMMMMMMMMMHHHFFEEZTTJ
MMMMMMMMMMMMMMHHHFFXXDTTJ
MMMMMMMMMMMMMMHHHFFXXDUUJ
MMMMMMMMMMMMMMHHHFFXXDPPJ
MMMMMMMMMMMMMMHHHFFXXDPPJ
MMMMMMMMMMMMMMHHHFFXXRWWJ
MMMMMMMMMMMMMMHHHFFXXRGCJ
MMMMMMMMMMMMMMHHHFFXXRGCJ
MMMMMMMMMMMMMMHHHFFXXRGCJ
MMMMMMMMMMMMMMHHHFFXXRGCJ
MMMMMMMMMMMMMMHHHFFXXRGCJ
MMMMMMMMMMMMMMHHHFFXXRGCJ
MMMMMMMMMMMMMMHHHFFXXRGCJ
MMMMMMMMMMMMMMHHHFFXXRGCJ
MMMMMMMMMMMMMMHHHFFXXRGCJ
MMMMMMMMMMMMMMHHHFFXXRGCJ
MMMMMMMMMMMMMMHHHFFXXRGCJ
MMMMMMMMMMMMMMHHHFFXXRGCJ
Case #67: 
ABCDEFGHIJKLMNOPQRSTUVWXY
ABCDEFGHIJKLMNOPQRSTUVWXY
ABCDEFGHIJKLMNOPQRSTUVWXY
ABCDEFGHIJKLMNOPQRSTUVWXY
ABCDEFGHIJKLMNOPQRSTUVWXY
ABCDEFGHIJKLMNOPQRSTUVWXY
ABCDEFGHIJKLMNOPQRSTUVWXY
ABCDEFGHIJKLMNOPQRSTUVWXY
ABCDEFGHIJKLMNOPQRSTUVWXY
ABCDEFGHIJKLMNOPQRSTUVWXY
ABCDEFGHIJKLMNOPQRSTUVWXY
ABCDEFGHIJKLMNOPQRSTUVWXY
ABCDEFGHIJKLMNOPQRSTUVWXY
ABCDEFGHIJKLMNOPQRSTUVWXY
ABCDEFGHIJKLMNOPQRSTUVWXY
ABCDEFGHIJKLMNOPQRSTUVWXY
ABCDEFGHIJKLMNOPQRSTUVWXY
ABCDEFGHIJKLMNOPQRSTUVWXY
ABCDEFGHIJKLMNOPQRSTUVWXY
ABCDEFGHIJKLMNOPQRSTUVWXY
ABCDEFGHIJKLMNOPQRSTUVWXY
ABCDEFGHIJKLMNOPQRSTUVWXY
ABCDEFGHIJKLMNOPQRSTUVWXY
ABCDEFGHIJKLMNOPQRSTUVWXY
ABCDEFGHIJKLMNOPQRSTUVWXY
Case #68: 
EEEEEEEEEEEEEEEEEEEEEEEEE
EEEEEEEEEEEEEEEEEEEEEEEEE
EEEEEEEEEEEEEEEEEEEEEEEEE
EEEEEEEEEEEEEEEEEEEEEEEEE
EEEEEEEEEEEEEEEEEEEEEEEEE
EEEEEEEEEEEEEEEEEEEEEEEEE
EEEEEEEEEEEEEEEEEEEEEEEEE
EEEEEEEEEEEEEEEEEEEEEEEEE
EEEEEEEEEEEEEEEEEEEEEEEEE
EEEEEEEEEEEEEEEEEEEEEEEEE
EEEEEEEEEEEEEEEEEEEEEEEEE
EEEEEEEEEEEEEEEEEEEEEEEEE
EEEEEEEEEEEEEEEEEEEEEEEEE
EEEEEEEEEEEEEEEEEEEEEEEEE
EEEEEEEEEEEEEEEEEEEEEEEEE
EEEEEEEEEEEEEEEEEEEEEEEEE
EEEEEEEEEEEEEEEEEEEEEEEEE
VVVVVVVVVVIIIIIIIIIIIIIII
BBBBBBWSMXHHHHHHHHHHHHHHH
BBBBBBWSMXKKKKKKKKKKKKKKK
NNNNNNQZFFCCCRYYYYYYYYYYY
UUUUUUQJGLAAAAAAAAAAAAAAA
UUUUUUQOGLPPPPPPPPPPPPPPP
UUUUUUQOGLDDDDDDDDDDDDDDD
UUUUUUQOGTDDDDDDDDDDDDDDD
Case #69: 
IIIIIIIIIIIIIIIIIIIIIIIII
IIIIIIIIIIIIIIIIIIIIIIIII
IIIIIIIIIIIIIIIIIIIIIIIII
DDDDDDDDDDDDDDDDDDDDDDDDD
OOOOOOOOOOOOOOOOOOOOOOOOO
WWWWWWWHHNNNNNNNNNNNNLLLL
WWWWWWWHHFGGGTTTCCCCCLLLL
WWWWWWWHHFGGGTTTCCCCCLLLL
WWWWWWWHHFGGGTTTCCCCCLLLL
WWWWWWWHHFGGGTTTCCCCCJQUU
WWWWWWWHHFGGGTTTCCCCCJQUU
WWWWWWWHHFRRRTTTCCCCCJQUU
WWWWWWWHHFEEETTTCCCCCJQUU
WWWWWWWHHFEEETTTCCCCCJQUU
WWWWWWWHHFEEETTTCCCCCJQUU
WWWWWWWHHFEEETTTCCCCCJQSS
WWWWWWWHHFEEETTTCCCCCJQVV
WWWWWWWHHFEEETTTCCCCCJQVV
WWWWWWWHHFEEETTTCCCCCJQVV
WWWWWWWHHFEEETTTCCCCCJQVV
WWWWWWWHHKKKKKYYYYYPBJXVV
WWWWWWWHHKKKKKYYYYYPBJZVV
WWWWWWWHHKKKKKYYYYYPBJZVV
WWWWWWWHHKKKKKYYYYYPBJZMM
WWWWWWWHHKKKKKYYYYYPBJAMM
Case #70: 
ABCDEFGHIJKLMNOPQRSTUVWXY
ABCDEFGHIJKLMNOPQRSTUVWXY
ABCDEFGHIJKLMNOPQRSTUVWXY
ABCDEFGHIJKLMNOPQRSTUVWXY
ABCDEFGHIJKLMNOPQRSTUVWXY
ABCDEFGHIJKLMNOPQRSTUVWXY
ABCDEFGHIJKLMNOPQRSTUVWXY
ABCDEFGHIJKLMNOPQRSTUVWXY
ABCDEFGHIJKLMNOPQRSTUVWXY
ABCDEFGHIJKLMNOPQRSTUVWXY
ABCDEFGHIJKLMNOPQRSTUVWXY
ABCDEFGHIJKLMNOPQRSTUVWXY
ABCDEFGHIJKLMNOPQRSTUVWXY
ABCDEFGHIJKLMNOPQRSTUVWXY
ABCDEFGHIJKLMNOPQRSTUVWXY
ABCDEFGHIJKLMNOPQRSTUVWXY
ABCDEFGHIJKLMNOPQRSTUVWXY
ABCDEFGHIJKLMNOPQRSTUVWXY
ABCDEFGHIJKLMNOPQRSTUVWXY
ABCDEFGHIJKLMNOPQRSTUVWXY
ABCDEFGHIJKLMNOPQRSTUVWXY
ABCDEFGHIJKLMNOPQRSTUVWXY
ABCDEFGHIJKLMNOPQRSTUVWXY
ABCDEFGHIJKLMNOPQRSTUVWXY
ABCDEFGHIJKLMNOPQRSTUVWXY
Case #71: 
AAAAAAAAAAAAAAAAAAAAAAAAA
BBBBBBBBBBBBBBBBBBBBBBBBB
CCCCCCCCCCCCCCCCCCCCCCCCC
DDDDDDDDDDDDDDDDDDDDDDDDD
EEEEEEEEEEEEEEEEEEEEEEEEE
FFFFFFFFFFFFFFFFFFFFFFFFF
GGGGGGGGGGGGGGGGGGGGGGGGG
HHHHHHHHHHHHHHHHHHHHHHHHH
IIIIIIIIIIIIIIIIIIIIIIIII
JJJJJJJJJJJJJJJJJJJJJJJJJ
KKKKKKKKKKKKKKKKKKKKKKKKK
LLLLLLLLLLLLLLLLLLLLLLLLL
MMMMMMMMMMMMMMMMMMMMMMMMM
NNNNNNNNNNNNNNNNNNNNNNNNN
OOOOOOOOOOOOOOOOOOOOOOOOO
PPPPPPPPPPPPPPPPPPPPPPPPP
QQQQQQQQQQQQQQQQQQQQQQQQQ
RRRRRRRRRRRRRRRRRRRRRRRRR
SSSSSSSSSSSSSSSSSSSSSSSSS
TTTTTTTTTTTTTTTTTTTTTTTTT
UUUUUUUUUUUUUUUUUUUUUUUUU
VVVVVVVVVVVVVVVVVVVVVVVVV
WWWWWWWWWWWWWWWWWWWWWWWWW
XXXXXXXXXXXXXXXXXXXXXXXXX
YYYYYYYYYYYYYYYYYYYYYYYYY
Case #72: 
EGGGGGGGGGGGGGGGGGGGGGXXX
EGGGGGGGGGGGGGGGGGGGGGXXX
EGGGGGGGGGGGGGGGGGGGGGXXX
EGGGGGGGGGGGGGGGGGGGGGXXX
EGGGGGGGGGGGGGGGGGGGGGXXX
EYYCQWWWJJIIIIPPBBBBMMXXX
EYYCQWWWJJIIIIPPBBBBMMXXX
EYYCQWWWJJIIIIPPBBBBMMXXX
EYYCQWWWJJIIIIPPBBBBMMTTT
EYYCQWWWJJIIIIPPBBBBMMLLL
EYYCQWWWJJIIIIPPBBBBMMLLL
EYYCQWWWJJIIIIPPBBBBMMKKK
EYYCQWWWJJIIIIPPBBBBMMKKK
EYYCQWWWJJIIIIPPBBBBMMKKK
EYYCQWWWJJIIIIPPBBBBMMKKK
EYYCQWWWJJIIIIPPBBBBMMNNN
EAAAAAAAAAAAAAAAAAAAAANNN
EAAAAAAAAAAAAAAAAAAAAANNN
ERRRRRRRRRRRRRRRRRRRRRNNN
ERRRRRRRRRRRRRRRRRRRRRNNN
EHHHHHHHHHHHHHHHHHHHHHNNN
EDDDDDDDDDDDDDDDDDDDDDNNN
EOOOOOOOOOOOOOOOOOOOOOVVV
EUUUUUUUUUUUUUUUUUUUUUSSS
EZZZZZZZZZFFFFFFFFFFFFSSS
Case #73: 
AAA
AAA
AAA
AAA
Case #74: 
A
A
Case #75: 
A
B
Case #76: 
GGA
CCE
BDF
Case #77: 
F
F
D
D
D
M
M
H
C
G
E
E
B
B
B
B
K
I
I
A
A
J
J
L
L
Case #78: 
AAACDEEEEEEEEEEEEEEEEEEEE
AAACDEEEEEEEEEEEEEEEEEEEE
AAACDEEEEEEEEEEEEEEEEEEEE
AAACDEEEEEEEEEEEEEEEEEEEE
AAACDEEEEEEEEEEEEEEEEEEEE
AAACDEEEEEEEEEEEEEEEEEEEE
AAACDEEEEEEEEEEEEEEEEEEEE
AAACDEEEEEEEEEEEEEEEEEEEE
AAACDEEEEEEEEEEEEEEEEEEEE
AAACDEEEEEEEEEEEEEEEEEEEE
AAACDEEEEEEEEEEEEEEEEEEEE
AAACDEEEEEEEEEEEEEEEEEEEE
AAACDEEEEEEEEEEEEEEEEEEEE
AAACDEEEEEEEEEEEEEEEEEEEE
AAACDEEEEEEEEEEEEEEEEEEEE
AAACDEEEEEEEEEEEEEEEEEEEE
AAACDEEEEEEEEEEEEEEEEEEEE
AAACDEEEEEEEEEEEEEEEEEEEE
AAACDEEEEEEEEEEEEEEEEEEEE
AAACDEEEEEEEEEEEEEEEEEEEE
AAACDEEEEEEEEEEEEEEEEEEEE
AAACDEEEEEEEEEEEEEEEEEEEE
AAACDEEEEEEEEEEEEEEEEEEEE
BBBCDEEEEEEEEEEEEEEEEEEEE
BBBCDEEEEEEEEEEEEEEEEEEEE
Case #79: 
ABCDEFGHIJKLMNOPQRSTUVWXY
ABCDEFGHIJKLMNOPQRSTUVWXY
ABCDEFGHIJKLMNOPQRSTUVWXY
ABCDEFGHIJKLMNOPQRSTUVWXY
ABCDEFGHIJKLMNOPQRSTUVWXY
ABCDEFGHIJKLMNOPQRSTUVWXY
ABCDEFGHIJKLMNOPQRSTUVWXY
ABCDEFGHIJKLMNOPQRSTUVWXY
ABCDEFGHIJKLMNOPQRSTUVWXY
ABCDEFGHIJKLMNOPQRSTUVWXY
ABCDEFGHIJKLMNOPQRSTUVWXY
ABCDEFGHIJKLMNOPQRSTUVWXY
ABCDEFGHIJKLMNOPQRSTUVWXY
ABCDEFGHIJKLMNOPQRSTUVWXY
ABCDEFGHIJKLMNOPQRSTUVWXY
ABCDEFGHIJKLMNOPQRSTUVWXY
ABCDEFGHIJKLMNOPQRSTUVWXY
ABCDEFGHIJKLMNOPQRSTUVWXY
ABCDEFGHIJKLMNOPQRSTUVWXY
ABCDEFGHIJKLMNOPQRSTUVWXY
ABCDEFGHIJKLMNOPQRSTUVWXY
ABCDEFGHIJKLMNOPQRSTUVWXY
ABCDEFGHIJKLMNOPQRSTUVWXY
ABCDEFGHIJKLMNOPQRSTUVWXY
ABCDEFGHIJKLMNOPQRSTUVWXY
Case #80: 
AAAAAAAAAAAAAAAAAAAAAAAAA
BBBBBBBBBBBBBBBBBBBBBBBBB
CCCCCCCCCCCCCCCCCCCCCCCCC
DDDDDDDDDDDDDDDDDDDDDDDDD
EEEEEEEEEEEEEEEEEEEEEEEEE
FFFFFFFFFFFFFFFFFFFFFFFFF
GGGGGGGGGGGGGGGGGGGGGGGGG
HHHHHHHHHHHHHHHHHHHHHHHHH
IIIIIIIIIIIIIIIIIIIIIIIII
JJJJJJJJJJJJJJJJJJJJJJJJJ
KKKKKKKKKKKKKKKKKKKKKKKKK
LLLLLLLLLLLLLLLLLLLLLLLLL
MMMMMMMMMMMMMMMMMMMMMMMMM
NNNNNNNNNNNNNNNNNNNNNNNNN
OOOOOOOOOOOOOOOOOOOOOOOOO
PPPPPPPPPPPPPPPPPPPPPPPPP
QQQQQQQQQQQQQQQQQQQQQQQQQ
RRRRRRRRRRRRRRRRRRRRRRRRR
SSSSSSSSSSSSSSSSSSSSSSSSS
TTTTTTTTTTTTTTTTTTTTTTTTT
UUUUUUUUUUUUUUUUUUUUUUUUU
VVVVVVVVVVVVVVVVVVVVVVVVV
WWWWWWWWWWWWWWWWWWWWWWWWW
XXXXXXXXXXXXXXXXXXXXXXXXX
YYYYYYYYYYYYYYYYYYYYYYYYY
Case #81: 
AAAAAAAAACDEEEEFFFFFGGGGG
AAAAAAAAACDEEEEFFFFFGGGGG
AAAAAAAAACDEEEEFFFFFGGGGG
AAAAAAAAACDEEEEFFFFFGGGGG
AAAAAAAAACDEEEEFFFFFGGGGG
AAAAAAAAACDEEEEFFFFFGGGGG
AAAAAAAAACDEEEEFFFFFGGGGG
AAAAAAAAACDEEEEFFFFFGGGGG
BBBBBBBBBCDEEEEFFFFFGGGGG
BBBBBBBBBCDEEEEFFFFFGGGGG
BBBBBBBBBCDEEEEFFFFFGGGGG
BBBBBBBBBCDEEEEFFFFFGGGGG
BBBBBBBBBCDEEEEFFFFFGGGGG
BBBBBBBBBCDEEEEFFFFFGGGGG
BBBBBBBBBCDEEEEHHHHHHHHHH
BBBBBBBBBCDEEEEIIIIIIIIII
BBBBBBBBBCDEEEEJJJJJJJJJJ
BBBBBBBBBCDEEEEJJJJJJJJJJ
BBBBBBBBBCDEEEEJJJJJJJJJJ
BBBBBBBBBCDEEEEJJJJJJJJJJ
BBBBBBBBBCDEEEEJJJJJJJJJJ
BBBBBBBBBCDEEEEJJJJJJJJJJ
BBBBBBBBBCDEEEEJJJJJJJJJJ
BBBBBBBBBCDEEEEJJJJJJJJJJ
BBBBBBBBBCDEEEEJJJJJJJJJJ
Case #82: 
VVVVVVVVVVVVVVVVVVVVVVVVV
QZZZZZZZWWWWWWWWWWWWWWWWW
QZZZZZZZGGGGGGGGGGGGGGGGG
QZZZZZZZDDDDDDDDDDDDDDDDD
QZZZZZZZMMMMMMMMMMMMMMMMM
QZZZZZZZMMMMMMMMMMMMMMMMM
QZZZZZZZFFFFFFFFFFFFFFFFF
QPKKYYEEIIIIIIIIIIIIIIIII
QPKKYYTTIIIIIIIIIIIIIIIII
QPKKYYTTIIIIIIIIIIIIIIIII
QPKKYYTTRRRRRRRRRRRRRRRRR
QPKKYYTTRRRRRRRRRRRRRRRRR
QPKKYYTTHHHHHHHHHHHHHHHHH
QPKKYYTTHHHHHHHHHHHHHHHHH
QPKKYYTTHHHHHHHHHHHHHHHHH
QPKKYYTTHHHHHHHHHHHHHHHHH
QPKKYYTTHHHHHHHHHHHHHHHHH
QPKKYYTTUUUUUSSSCCCCCCCCC
QPKKYYTTUUUUUSSSAAAAAAAAA
QPKKYYTTUUUUUSSSAAAAAAAAA
QJJJJJJJUUUUUSSSNNNNNNNNX
QJJJJJJJBBBBBBBBBBBOOOOOO
QJJJJJJJBBBBBBBBBBBOOOOOO
QLLLLLLLBBBBBBBBBBBOOOOOO
QLLLLLLLBBBBBBBBBBBOOOOOO
Case #83: 
AAAAAACDEEEEEEEFFFFFGGGGG
AAAAAACDEEEEEEEFFFFFGGGGG
AAAAAACDEEEEEEEFFFFFGGGGG
AAAAAACDEEEEEEEFFFFFGGGGG
AAAAAACDEEEEEEEFFFFFGGGGG
AAAAAACDEEEEEEEFFFFFGGGGG
AAAAAACDEEEEEEEFFFFFGGGGG
AAAAAACDEEEEEEEFFFFFGGGGG
AAAAAACDEEEEEEEFFFFFGGGGG
AAAAAACDEEEEEEEFFFFFGGGGG
AAAAAACDEEEEEEEFFFFFGGGGG
BBBBBBCDEEEEEEEFFFFFGGGGG
BBBBBBCDEEEEEEEFFFFFGGGGG
BBBBBBCDEEEEEEEFFFFFGGGGG
BBBBBBCDEEEEEEEFFFFFGGGGG
BBBBBBCDEEEEEEEFFFFFGGGGG
BBBBBBCDEEEEEEEFFFFFGGGGG
BBBBBBCDEEEEEEEFFFFFGGGGG
BBBBBBCDEEEEEEEFFFFFGGGGG
BBBBBBCDEEEEEEEFFFFFGGGGG
BBBBBBCDEEEEEEEHHHHHHHHHH
BBBBBBCDEEEEEEEIIIIIIIIII
BBBBBBCDEEEEEEEJJJJJJJJJJ
BBBBBBCDEEEEEEEJJJJJJJJJJ
BBBBBBCDEEEEEEEJJJJJJJJJJ
Case #84: 
AAAAAAABBBBBBBBBBBBBBBBBB
AAAAAAABBBBBBBBBBBBBBBBBB
AAAAAAABBBBBBBBBBBBBBBBBB
AAAAAAABBBBBBBBBBBBBBBBBB
AAAAAAABBBBBBBBBBBBBBBBBB
CCCCCCCBBBBBBBBBBBBBBBBBB
CCCCCCCDDDDDDDDDDDDDDDDDD
EEEEEEEDDDDDDDDDDDDDDDDDD
EEEEEEEDDDDDDDDDDDDDDDDDD
EEEEEEEDDDDDDDDDDDDDDDDDD
EEEEEEEDDDDDDDDDDDDDDDDDD
EEEEEEEDDDDDDDDDDDDDDDDDD
EEEEEEEDDDDDDDDDDDDDDDDDD
EEEEEEEDDDDDDDDDDDDDDDDDD
EEEEEEEFFFFFFFFFFFFFFHIJJ
EEEEEEEFFFFFFFFFFFFFFHIJJ
EEEEEEEFFFFFFFFFFFFFFHIJJ
EEEEEEEFFFFFFFFFFFFFFHIJJ
EEEEEEEFFFFFFFFFFFFFFHIJJ
EEEEEEEGGGGGGGGGGGGGGHIJJ
EEEEEEEGGGGGGGGGGGGGGHIJJ
EEEEEEEGGGGGGGGGGGGGGHIJJ
EEEEEEEGGGGGGGGGGGGGGHIJJ
EEEEEEEGGGGGGGGGGGGGGHIJJ
EEEEEEEGGGGGGGGGGGGGGHIJJ
Case #85: 
AAAAAAACDEEEEEEEEEEEEEEEE
AAAAAAACDEEEEEEEEEEEEEEEE
AAAAAAACDEEEEEEEEEEEEEEEE
AAAAAAACDEEEEEEEEEEEEEEEE
AAAAAAACDEEEEEEEEEEEEEEEE
AAAAAAACDEEEEEEEEEEEEEEEE
AAAAAAACDEEEEEEEEEEEEEEEE
AAAAAAACDEEEEEEEEEEEEEEEE
AAAAAAACDEEEEEEEEEEEEEEEE
AAAAAAACDEEEEEEEEEEEEEEEE
AAAAAAACDEEEEEEEEEEEEEEEE
AAAAAAACDEEEEEEEEEEEEEEEE
AAAAAAACDEEEEEEEEEEEEEEEE
AAAAAAACDEEEEEEEEEEEEEEEE
AAAAAAACDEEEEEEEEEEEEEEEE
AAAAAAACDEEEEEEEEEEEEEEEE
BBBBBBBCDEEEEEEEEEEEEEEEE
BBBBBBBCDEEEEEEEEEEEEEEEE
BBBBBBBCDEEEEEEEEEEEEEEEE
BBBBBBBCDEEEEEEEEEEEEEEEE
BBBBBBBCDEEEEEEEEEEEEEEEE
BBBBBBBCDEEEEEEEEEEEEEEEE
BBBBBBBCDEEEEEEEEEEEEEEEE
BBBBBBBCDEEEEEEEEEEEEEEEE
BBBBBBBCDEEEEEEEEEEEEEEEE
Case #86: 
ABCDEFGHIJKLMNOPQRSTUVWXY
ABCDEFGHIJKLMNOPQRSTUVWXY
ABCDEFGHIJKLMNOPQRSTUVWXY
ABCDEFGHIJKLMNOPQRSTUVWXY
ABCDEFGHIJKLMNOPQRSTUVWXY
ABCDEFGHIJKLMNOPQRSTUVWXY
ABCDEFGHIJKLMNOPQRSTUVWXY
ABCDEFGHIJKLMNOPQRSTUVWXY
ABCDEFGHIJKLMNOPQRSTUVWXY
ABCDEFGHIJKLMNOPQRSTUVWXY
ABCDEFGHIJKLMNOPQRSTUVWXY
ABCDEFGHIJKLMNOPQRSTUVWXY
ABCDEFGHIJKLMNOPQRSTUVWXY
ABCDEFGHIJKLMNOPQRSTUVWXY
ABCDEFGHIJKLMNOPQRSTUVWXY
ABCDEFGHIJKLMNOPQRSTUVWXY
ABCDEFGHIJKLMNOPQRSTUVWXY
ABCDEFGHIJKLMNOPQRSTUVWXY
ABCDEFGHIJKLMNOPQRSTUVWXY
ABCDEFGHIJKLMNOPQRSTUVWXY
ABCDEFGHIJKLMNOPQRSTUVWXY
ABCDEFGHIJKLMNOPQRSTUVWXY
ABCDEFGHIJKLMNOPQRSTUVWXY
ABCDEFGHIJKLMNOPQRSTUVWXY
ABCDEFGHIJKLMNOPQRSTUVWXY
Case #87: 
BC
DA
Case #88: 
AA
Case #89: 
TTTTTTTTTTTTTTTTTTTTTTTTT
TTTTTTTTTTTTTTTTTTTTTTTTT
TTTTTTTTTTTTTTTTTTTTTTTTT
TTTTTTTTTTTTTTTTTTTTTTTTT
TTTTTTTTTTTTTTTTTTTTTTTTT
TTTTTTTTTTTTTTTTTTTTTTTTT
TTTTTTTTTTTTTTTTTTTTTTTTT
TTTTTTTTTTTTTTTTTTTTTTTTT
TTTTTTTTTTTTTTTTTTTTTTTTT
TTTTTTTTTTTTTTTTTTTTTTTTT
TTTTTTTTTTTTTTTTTTTTTTTTT
TTTTTTTTTTTTTTTTTTTTTTTTT
TTTTTTTTTTTTTTTTTTTTTTTTT
TTTTTTTTTTTTTTTTTTTTTTTTT
TTTTTTTTTTTTTTTTTTTTTTTTT
TTTTTTTTTTTTTTTTTTTTTTTTT
OOOOOOOOOOOOOOOOOOOOOOOOO
IIIPYGGGGGGFCCCCCCCCCCCCC
IIIPYZZZZZZFUUUUUUUUUUUUU
IIIPYKKKKKKHHHJREEEEEEEEE
IIIPYWBBBBBAAAJREEEEEEEEE
IIIPYWBBBBBAAAJREEEEEEEEE
IIIPYSSVMQQAAAJREEEEEEEEE
IIIPYLLVMQQAAAJRXXXXXXXXX
IIIPYLLVDNNAAAJRXXXXXXXXX
Case #90: 
ZZZZZZZZZZZZZZZZZZZZZZZZZ
KKKKKKKKKKKKKKKKKKKKKKKKK
DDDDDDDDDDDDDDDDDDDDDDDDD
DDDDDDDDDDDDDDDDDDDDDDDDD
JJJJJJJJJJJJJJJJJJJJJJJJJ
XXNNNNNNNNNNNRYPPPPPPPPPP
XXNNNNNNNNNNNRYPPPPPPPPPP
XXNNNNNNNNNNNRYPPPPPPPPPP
XXNNNNNNNNNNNRYMMMMMMMMMM
XXNNNNNNNNNNNRYFFFFFFFFFF
XXNNNNNNNNNNNRYOOOOLLLLLL
XXCCCCCCCCCCCRYOOOOLLLLLL
XXCCCCCCCCCCCRYWWWAQTHHHH
XXCCCCCCCCCCCRYWWWAQTHHHH
XXCCCCCCCCCCCRYWWWAQTHHHH
XXCCCCCCCCCCCRYWWWAQTSSSS
XXBBBBBBBBBBBRYWWWAQTSSSS
XXEEEEEEEEEEERYWWWAQTSSSS
XXEEEEEEEEEEERYWWWAQTSSSS
XXIIIUUUUUUVVRYWWWAQTSSSS
XXIIIUUUUUUVVRYWWWAQTSSSS
XXGGGGGGGGGGGRYWWWAQTSSSS
XXGGGGGGGGGGGRYWWWAQTSSSS
XXGGGGGGGGGGGRYWWWAQTSSSS
XXGGGGGGGGGGGRYWWWAQTSSSS
Case #91: 
CCCJH
BAKFG
DDIEG
Case #92: 
AABOCPDQERFSGTHUIVJWKXLYM
NNBOCPDQERFSGTHUIVJWKXLYM
ZZBOCPDQERFSGTHUIVJWKXLYM
ZZBOCPDQERFSGTHUIVJWKXLYM
ZZBOCPDQERFSGTHUIVJWKXLYM
ZZBOCPDQERFSGTHUIVJWKXLYM
ZZBOCPDQERFSGTHUIVJWKXLYM
ZZBOCPDQERFSGTHUIVJWKXLYM
ZZBOCPDQERFSGTHUIVJWKXLYM
ZZBOCPDQERFSGTHUIVJWKXLYM
ZZBOCPDQERFSGTHUIVJWKXLYM
ZZBOCPDQERFSGTHUIVJWKXLYM
ZZBOCPDQERFSGTHUIVJWKXLYM
ZZBOCPDQERFSGTHUIVJWKXLYM
ZZBOCPDQERFSGTHUIVJWKXLYM
ZZBOCPDQERFSGTHUIVJWKXLYM
ZZBOCPDQERFSGTHUIVJWKXLYM
ZZBOCPDQERFSGTHUIVJWKXLYM
ZZBOCPDQERFSGTHUIVJWKXLYM
ZZBOCPDQERFSGTHUIVJWKXLYM
ZZBOCPDQERFSGTHUIVJWKXLYM
ZZBOCPDQERFSGTHUIVJWKXLYM
ZZBOCPDQERFSGTHUIVJWKXLYM
ZZBOCPDQERFSGTHUIVJWKXLYM
ZZBOCPDQERFSGTHUIVJWKXLYM
Case #93: 
LLLLLLLLLLLLLQDWIZZZNNXXX
LLLLLLLLLLLLLQDWIZZZNNXXX
LLLLLLLLLLLLLQDWIZZZNNXXX
LLLLLLLLLLLLLQDWIZZZNNXXX
LLLLLLLLLLLLLQDWIZZZNNXXX
LLLLLLLLLLLLLQDWIZZZNNXXX
LLLLLLLLLLLLLQDWIZZZNNXXX
LLLLLLLLLLLLLQDWIZZZNNXXX
LLLLLLLLLLLLLQDWIZZZSFFFF
LLLLLLLLLLLLLQDWIVVVSFFFF
LLLLLLLLLLLLLQDWIVVVSKKKK
LLLLLLLLLLLLLQDWIRRRSKKKK
LLLLLLLLLLLLLQDWIRRRSBBBB
LLLLLLLLLLLLLQDWIRRRSBBBB
LLLLLLLLLLLLLQDWIRRRSOOOO
LLLLLLLLLLLLLQDWIYUESMMMT
LLLLLLLLLLLLLQDWIYUESGGGT
LLLLLLLLLLLLLQDWIYUEHGGGC
LLLLLLLLLLLLLQDWIYUEHAAAC
LLLLLLLLLLLLLQDWIYUJHAAAC
LLLLLLLLLLLLLQDWIYUJHPPPC
LLLLLLLLLLLLLQDWIYUJHPPPC
LLLLLLLLLLLLLQDWIYUJHPPPC
LLLLLLLLLLLLLQDWIYUJHPPPC
LLLLLLLLLLLLLQDWIYUJHPPPC
Case #94: 
AAAAAAAAAAAAAAAAAACDEEEEE
AAAAAAAAAAAAAAAAAACDEEEEE
AAAAAAAAAAAAAAAAAACDEEEEE
AAAAAAAAAAAAAAAAAACDEEEEE
AAAAAAAAAAAAAAAAAACDEEEEE
AAAAAAAAAAAAAAAAAACDEEEEE
AAAAAAAAAAAAAAAAAACDEEEEE
AAAAAAAAAAAAAAAAAACDEEEEE
AAAAAAAAAAAAAAAAAACDEEEEE
AAAAAAAAAAAAAAAAAACDEEEEE
AAAAAAAAAAAAAAAAAACDEEEEE
AAAAAAAAAAAAAAAAAACDEEEEE
AAAAAAAAAAAAAAAAAACDEEEEE
AAAAAAAAAAAAAAAAAACDEEEEE
AAAAAAAAAAAAAAAAAACDEEEEE
AAAAAAAAAAAAAAAAAACDEEEEE
AAAAAAAAAAAAAAAAAACDEEEEE
AAAAAAAAAAAAAAAAAACDEEEEE
BBBBBBBBBBBBBBBBBBCDEEEEE
BBBBBBBBBBBBBBBBBBCDEEEEE
BBBBBBBBBBBBBBBBBBCDEEEEE
BBBBBBBBBBBBBBBBBBCDEEEEE
BBBBBBBBBBBBBBBBBBCDEEEEE
BBBBBBBBBBBBBBBBBBCDEEEEE
BBBBBBBBBBBBBBBBBBCDEEEEE
Case #95: 
KKKRDG
JNPRDO
CLLRDI
CAABBB
CHQEEE
MHQFFF
Case #96: 
BBBB
AIJE
AIDF
AIGC
AIGH
AIGH
Case #97: 
AAAAAAAAACDEEEEEEFFFFFGGG
AAAAAAAAACDEEEEEEFFFFFGGG
AAAAAAAAACDEEEEEEFFFFFGGG
AAAAAAAAACDEEEEEEFFFFFGGG
AAAAAAAAACDEEEEEEFFFFFGGG
AAAAAAAAACDEEEEEEFFFFFGGG
AAAAAAAAACDEEEEEEFFFFFGGG
AAAAAAAAACDEEEEEEFFFFFGGG
AAAAAAAAACDEEEEEEFFFFFGGG
AAAAAAAAACDEEEEEEFFFFFGGG
BBBBBBBBBCDEEEEEEFFFFFGGG
BBBBBBBBBCDEEEEEEFFFFFGGG
BBBBBBBBBCDEEEEEEFFFFFGGG
BBBBBBBBBCDEEEEEEFFFFFGGG
BBBBBBBBBCDEEEEEEHHHHHHHH
BBBBBBBBBCDEEEEEEIIIIIIII
BBBBBBBBBCDEEEEEEJJJJJJJJ
BBBBBBBBBCDEEEEEEJJJJJJJJ
BBBBBBBBBCDEEEEEEJJJJJJJJ
BBBBBBBBBCDEEEEEEJJJJJJJJ
BBBBBBBBBCDEEEEEEJJJJJJJJ
BBBBBBBBBCDEEEEEEJJJJJJJJ
BBBBBBBBBCDEEEEEEJJJJJJJJ
BBBBBBBBBCDEEEEEEJJJJJJJJ
BBBBBBBBBCDEEEEEEJJJJJJJJ
Case #98: 
AAAAAAAAAABBBBBBBBBBBBBBB
AAAAAAAAAABBBBBBBBBBBBBBB
AAAAAAAAAABBBBBBBBBBBBBBB
AAAAAAAAAABBBBBBBBBBBBBBB
AAAAAAAAAABBBBBBBBBBBBBBB
AAAAAAAAAABBBBBBBBBBBBBBB
AAAAAAAAAABBBBBBBBBBBBBBB
AAAAAAAAAABBBBBBBBBBBBBBB
AAAAAAAAAABBBBBBBBBBBBBBB
AAAAAAAAAABBBBBBBBBBBBBBB
CCCCCCCCCCBBBBBBBBBBBBBBB
CCCCCCCCCCDDDDDDDDDDDDDDD
EEEEEEEEEEDDDDDDDDDDDDDDD
EEEEEEEEEEDDDDDDDDDDDDDDD
EEEEEEEEEEDDDDDDDDDDDDDDD
EEEEEEEEEEDDDDDDDDDDDDDDD
EEEEEEEEEEDDDDDDDDDDDDDDD
EEEEEEEEEEDDDDDDDDDDDDDDD
EEEEEEEEEEDDDDDDDDDDDDDDD
EEEEEEEEEEDDDDDDDDDDDDDDD
EEEEEEEEEEDDDDDDDDDDDDDDD
EEEEEEEEEEDDDDDDDDDDDDDDD
EEEEEEEEEEDDDDDDDDDDDDDDD
EEEEEEEEEEDDDDDDDDDDDDDDD
EEEEEEEEEEDDDDDDDDDDDDDDD
Case #99: 
EEEEEEEEEEEEEEEEEEEEEEEEE
EEEEEEEEEEEEEEEEEEEEEEEEE
EEEEEEEEEEEEEEEEEEEEEEEEE
EEEEEEEEEEEEEEEEEEEEEEEEE
EEEEEEEEEEEEEEEEEEEEEEEEE
EEEEEEEEEEEEEEEEEEEEEEEEE
EEEEEEEEEEEEEEEEEEEEEEEEE
EEEEEEEEEEEEEEEEEEEEEEEEE
EEEEEEEEEEEEEEEEEEEEEEEEE
EEEEEEEEEEEEEEEEEEEEEEEEE
EEEEEEEEEEEEEEEEEEEEEEEEE
NNFFFFFFFFFFFFFFFFFFFFFFF
GLFFFFFFFFFFFFFFFFFFFFFFF
GLWIRRRRRRRRRRRRRRRRRRRRR
GCWSOMYYYYYYYYYYYYYYYYYYY
GAWSOMYYYYYYYYYYYYYYYYYYY
GAWSHDDDDDDDDDDDDDDDDDDDD
ZQUPHDDDDDDDDDDDDDDDDDDDD
BQUJVDDDDDDDDDDDDDDDDDDDD
BTXJVDDDDDDDDDDDDDDDDDDDD
BKXJVDDDDDDDDDDDDDDDDDDDD
BKXJVDDDDDDDDDDDDDDDDDDDD
BKXJVDDDDDDDDDDDDDDDDDDDD
BKXJVDDDDDDDDDDDDDDDDDDDD
BKXJVDDDDDDDDDDDDDDDDDDDD
Case #100: 
PP
BU
ZU
RC
OC
AS
AS
HS
WD
WE
MK
MK
QL
GL
GL
GT
JX
YX
YX
YV
YV
YI
YI
YI
FN
